#
# There is insufficient memory for the Java Runtime Environment to continue.
# Native memory allocation (mmap) failed to map 268435456 bytes for G1 virtual space
# Possible reasons:
#   The system is out of physical RAM or swap space
#   The process is running with CompressedOops enabled, and the Java Heap may be blocking the growth of the native heap
# Possible solutions:
#   Reduce memory load on the system
#   Increase physical memory or swap space
#   Check if swap backing store is full
#   Decrease Java heap size (-Xmx/-Xms)
#   Decrease number of Java threads
#   Decrease Java thread stack sizes (-Xss)
#   Set larger code cache with -XX:ReservedCodeCacheSize=
#   JVM is running with Zero Based Compressed Oops mode in which the Java heap is
#     placed in the first 32GB address space. The Java Heap base address is the
#     maximum limit for the native heap growth. Please use -XX:HeapBaseMinAddress
#     to set the Java Heap base and to place the Java Heap above 32GB virtual address.
# This output file may be truncated or incomplete.
#
#  Out of Memory Error (os_windows.cpp:3769), pid=34344, tid=45792
#
# JRE version:  (17.0.6) (build )
# Java VM: OpenJDK 64-Bit Server VM (17.0.6+0-b2043.56-10027231, mixed mode, sharing, tiered, compressed oops, compressed class ptrs, g1 gc, windows-amd64)
# No core dump will be written. Minidumps are not enabled by default on client versions of Windows
#

---------------  S U M M A R Y ------------

Command Line: org.jetbrains.kotlin.cli.jvm.K2JVMCompiler @D:\android\workspace\MVVMNewsApp\app\build\20230823_16959308984104314526.compiler.options

Host: Intel(R) Core(TM) i3-8100 CPU @ 3.60GHz, 4 cores, 15G,  Windows 10 , 64 bit Build 19041 (10.0.19041.3155)
Time: Wed Aug 23 23:25:24 2023  Windows 10 , 64 bit Build 19041 (10.0.19041.3155) elapsed time: 0.017512 seconds (0d 0h 0m 0s)

---------------  T H R E A D  ---------------

Current thread (0x000001caf59c07e0):  JavaThread "Unknown thread" [_thread_in_vm, id=45792, stack(0x0000004524800000,0x0000004524900000)]

Stack: [0x0000004524800000,0x0000004524900000]
Native frames: (J=compiled Java code, j=interpreted, Vv=VM code, C=native code)
V  [jvm.dll+0x683c9a]
V  [jvm.dll+0x8427a4]
V  [jvm.dll+0x843f9e]
V  [jvm.dll+0x844603]
V  [jvm.dll+0x249b75]
V  [jvm.dll+0x680b69]
V  [jvm.dll+0x67505a]
V  [jvm.dll+0x309acb]
V  [jvm.dll+0x310f86]
V  [jvm.dll+0x3608ee]
V  [jvm.dll+0x360b1f]
V  [jvm.dll+0x2dfbf8]
V  [jvm.dll+0x2e0b64]
V  [jvm.dll+0x814091]
V  [jvm.dll+0x36e6a1]
V  [jvm.dll+0x7f35cc]
V  [jvm.dll+0x3f0e8f]
V  [jvm.dll+0x3f29d1]
C  [jli.dll+0x526b]
C  [ucrtbase.dll+0x21bb2]
C  [KERNEL32.DLL+0x17614]
C  [ntdll.dll+0x526b1]


---------------  P R O C E S S  ---------------

Threads class SMR info:
_java_thread_list=0x00007fff07b0c058, length=0, elements={
}

Java Threads: ( => current thread )

Other Threads:
  0x000001caf5a27840 GCTaskThread "GC Thread#0" [stack: 0x0000004524900000,0x0000004524a00000] [id=44120]
  0x000001caf5a38640 ConcurrentGCThread "G1 Main Marker" [stack: 0x0000004524a00000,0x0000004524b00000] [id=45816]
  0x000001caf5a397f0 ConcurrentGCThread "G1 Conc#0" [stack: 0x0000004524b00000,0x0000004524c00000] [id=36444]

[error occurred during error reporting (printing all threads), id 0xc0000005, EXCEPTION_ACCESS_VIOLATION (0xc0000005) at pc=0x00007fff072c0797]

VM state: not at safepoint (not fully initialized)

VM Mutex/Monitor currently owned by a thread:  ([mutex/lock_event])
[0x000001caf59bd4c0] Heap_lock - owner thread: 0x000001caf59c07e0

Heap address: 0x0000000701400000, size: 4076 MB, Compressed Oops mode: Zero based, Oop shift amount: 3

CDS archive(s) mapped at: [0x0000000000000000-0x0000000000000000-0x0000000000000000), size 0, SharedBaseAddress: 0x0000000800000000, ArchiveRelocationMode: 0.
Narrow klass base: 0x0000000000000000, Narrow klass shift: 0, Narrow klass range: 0x0

GC Precious Log:
<Empty>

Heap:
 garbage-first heap   total 0K, used 0K [0x0000000701400000, 0x0000000800000000)
  region size 2048K, 0 young (0K), 0 survivors (0K)

[error occurred during error reporting (printing heap information), id 0xc0000005, EXCEPTION_ACCESS_VIOLATION (0xc0000005) at pc=0x00007fff076ada89]

GC Heap History (0 events):
No events

Dll operation events (1 events):
Event: 0.012 Loaded shared library C:\Program Files\Android1\jbr\bin\java.dll

Deoptimization events (0 events):
No events

Classes unloaded (0 events):
No events

Classes redefined (0 events):
No events

Internal exceptions (0 events):
No events

VM Operations (0 events):
No events

Events (0 events):
No events


Dynamic libraries:
0x00007ff72d160000 - 0x00007ff72d16a000 	C:\Program Files\Android1\jbr\bin\java.exe
0x00007fff3e130000 - 0x00007fff3e328000 	C:\WINDOWS\SYSTEM32\ntdll.dll
0x00007fff3c190000 - 0x00007fff3c24f000 	C:\WINDOWS\System32\KERNEL32.DLL
0x00007fff3bd90000 - 0x00007fff3c086000 	C:\WINDOWS\System32\KERNELBASE.dll
0x00007fff3c090000 - 0x00007fff3c190000 	C:\WINDOWS\System32\ucrtbase.dll
0x00007fff36940000 - 0x00007fff3695b000 	C:\Program Files\Android1\jbr\bin\VCRUNTIME140.dll
0x00007fff34a90000 - 0x00007fff34aa7000 	C:\Program Files\Android1\jbr\bin\jli.dll
0x00007fff3d810000 - 0x00007fff3d9ad000 	C:\WINDOWS\System32\USER32.dll
0x00007fff3b8b0000 - 0x00007fff3b8d2000 	C:\WINDOWS\System32\win32u.dll
0x00007fff3cea0000 - 0x00007fff3cecc000 	C:\WINDOWS\System32\GDI32.dll
0x00007fff3b960000 - 0x00007fff3ba75000 	C:\WINDOWS\System32\gdi32full.dll
0x00007fff3b810000 - 0x00007fff3b8ad000 	C:\WINDOWS\System32\msvcp_win.dll
0x00007fff23160000 - 0x00007fff233fa000 	C:\WINDOWS\WinSxS\amd64_microsoft.windows.common-controls_6595b64144ccf1df_6.0.19041.1110_none_60b5254171f9507e\COMCTL32.dll
0x00007fff3db00000 - 0x00007fff3db9e000 	C:\WINDOWS\System32\msvcrt.dll
0x00007fff3da20000 - 0x00007fff3da50000 	C:\WINDOWS\System32\IMM32.DLL
0x00007fff36460000 - 0x00007fff3646c000 	C:\Program Files\Android1\jbr\bin\vcruntime140_1.dll
0x00007fff305f0000 - 0x00007fff3067d000 	C:\Program Files\Android1\jbr\bin\msvcp140.dll
0x00007fff06fd0000 - 0x00007fff07c3e000 	C:\Program Files\Android1\jbr\bin\server\jvm.dll
0x00007fff3df60000 - 0x00007fff3e00f000 	C:\WINDOWS\System32\ADVAPI32.dll
0x00007fff3ddf0000 - 0x00007fff3de8c000 	C:\WINDOWS\System32\sechost.dll
0x00007fff3dba0000 - 0x00007fff3dcc6000 	C:\WINDOWS\System32\RPCRT4.dll
0x00007fff37350000 - 0x00007fff37359000 	C:\WINDOWS\SYSTEM32\WSOCK32.dll
0x00007fff2f0b0000 - 0x00007fff2f0d7000 	C:\WINDOWS\SYSTEM32\WINMM.dll
0x00007fff3d9b0000 - 0x00007fff3da1b000 	C:\WINDOWS\System32\WS2_32.dll
0x00007fff37260000 - 0x00007fff3726a000 	C:\WINDOWS\SYSTEM32\VERSION.dll
0x00007fff396d0000 - 0x00007fff396e2000 	C:\WINDOWS\SYSTEM32\kernel.appcore.dll
0x00007fff36450000 - 0x00007fff3645a000 	C:\Program Files\Android1\jbr\bin\jimage.dll
0x00007fff36500000 - 0x00007fff366e4000 	C:\WINDOWS\SYSTEM32\DBGHELP.DLL
0x00007fff36700000 - 0x00007fff36734000 	C:\WINDOWS\SYSTEM32\dbgcore.DLL
0x00007fff3ba80000 - 0x00007fff3bb02000 	C:\WINDOWS\System32\bcryptPrimitives.dll
0x00007fff362a0000 - 0x00007fff362c5000 	C:\Program Files\Android1\jbr\bin\java.dll

dbghelp: loaded successfully - version: 4.0.5 - missing functions: none
symbol engine: initialized successfully - sym options: 0x614 - pdb path: .;C:\Program Files\Android1\jbr\bin;C:\WINDOWS\SYSTEM32;C:\WINDOWS\WinSxS\amd64_microsoft.windows.common-controls_6595b64144ccf1df_6.0.19041.1110_none_60b5254171f9507e;C:\Program Files\Android1\jbr\bin\server

VM Arguments:
java_command: org.jetbrains.kotlin.cli.jvm.K2JVMCompiler @D:\android\workspace\MVVMNewsApp\app\build\20230823_16959308984104314526.compiler.options
java_class_path (initial): C:\Users\dhtmd\.gradle\caches\modules-2\files-2.1\org.jetbrains.kotlin\kotlin-compiler-embeddable\1.6.21\97bdd5a752ce73b58ef16c17bc7f0ea2faff7a2e\kotlin-compiler-embeddable-1.6.21.jar;C:\Users\dhtmd\.gradle\caches\modules-2\files-2.1\org.jetbrains.kotlin\kotlin-reflect\1.6.21\5dc3574d9b7bebfcb4ec6b10ada4aaa9e140bd0b\kotlin-reflect-1.6.21.jar;C:\Users\dhtmd\.gradle\caches\modules-2\files-2.1\org.jetbrains.kotlin\kotlin-stdlib\1.6.21\11ef67f1900634fd951bad28c53ec957fabbe5b8\kotlin-stdlib-1.6.21.jar;C:\Users\dhtmd\.gradle\caches\modules-2\files-2.1\org.jetbrains.kotlin\kotlin-script-runtime\1.6.21\99c6675100da5d6d5b1c5a1032f27f28008d101b\kotlin-script-runtime-1.6.21.jar;C:\Users\dhtmd\.gradle\caches\modules-2\files-2.1\org.jetbrains.kotlin\kotlin-daemon-embeddable\1.6.21\46b78cf392e1c4f10854c3cadba44abb7b82250f\kotlin-daemon-embeddable-1.6.21.jar;C:\Users\dhtmd\.gradle\caches\modules-2\files-2.1\org.jetbrains.intellij.deps\trove4j\1.0.20200330\3afb14d5f9ceb459d724e907a21145e8ff394f02\trove4j-1.0.20200330.jar;C:\Users\dhtmd\.gradle\caches\modules-2\files-2.1\net.java.dev.jna\jna\5.6.0\330f2244e9030119ab3030fc3fededc86713d9cc\jna-5.6.0.jar;C:\Users\dhtmd\.gradle\caches\modules-2\files-2.1\org.jetbrains.kotlin\kotlin-stdlib-common\1.6.21\5e5b55c26dbc80372a920aef60eb774b714559b8\kotlin-stdlib-common-1.6.21.jar;C:\Users\dhtmd\.gradle\caches\modules-2\files-2.1\org.jetbrains\annotations\13.0\919f0dfe192fb4e063e7dacadee7f8bb9a2672a9\annotations-13.0.jar
Launcher Type: SUN_STANDARD

[Global flags]
     intx CICompilerCount                          = 3                                         {product} {ergonomic}
     uint ConcGCThreads                            = 1                                         {product} {ergonomic}
     uint G1ConcRefinementThreads                  = 4                                         {product} {ergonomic}
   size_t G1HeapRegionSize                         = 2097152                                   {product} {ergonomic}
    uintx GCDrainStackTargetSize                   = 64                                        {product} {ergonomic}
   size_t InitialHeapSize                          = 268435456                                 {product} {ergonomic}
   size_t MarkStackSize                            = 4194304                                   {product} {ergonomic}
   size_t MaxHeapSize                              = 4273995776                                {product} {ergonomic}
   size_t MinHeapDeltaBytes                        = 2097152                                   {product} {ergonomic}
   size_t MinHeapSize                              = 8388608                                   {product} {ergonomic}
    uintx NonNMethodCodeHeapSize                   = 5832780                                {pd product} {ergonomic}
    uintx NonProfiledCodeHeapSize                  = 122912730                              {pd product} {ergonomic}
    uintx ProfiledCodeHeapSize                     = 122912730                              {pd product} {ergonomic}
    uintx ReservedCodeCacheSize                    = 251658240                              {pd product} {ergonomic}
     bool SegmentedCodeCache                       = true                                      {product} {ergonomic}
   size_t SoftMaxHeapSize                          = 4273995776                             {manageable} {ergonomic}
     bool UseCompressedClassPointers               = true                           {product lp64_product} {ergonomic}
     bool UseCompressedOops                        = true                           {product lp64_product} {ergonomic}
     bool UseG1GC                                  = true                                      {product} {ergonomic}
     bool UseLargePagesIndividualAllocation        = false                                  {pd product} {ergonomic}

Logging:
Log output configuration:
 #0: stdout all=warning uptime,level,tags
 #1: stderr all=off uptime,level,tags

Environment Variables:
JAVA_HOME=C:\Program Files\Java\jdk-17
PATH=C:\Program Files\Common Files\Oracle\Java\javapath;C:\WINDOWS\system32;C:\WINDOWS;C:\WINDOWS\System32\Wbem;C:\WINDOWS\System32\WindowsPowerShell\v1.0\;C:\WINDOWS\System32\OpenSSH\;C:\Program Files\Git\cmd;C:\Program Files\Android\Android Studio\jbr\bin\server\;C:\Program Files\Java\jdk-17\bin;C:\Program Files\Bandizip\;C:\Users\dhtmd\AppData\Local\Microsoft\WindowsApps;C:\Users\dhtmd\AppData\Local\Programs\Microsoft VS Code\bin;C:\Users\dhtmd\AppData\Local\GitHubDesktop\bin
USERNAME=user
OS=Windows_NT
PROCESSOR_IDENTIFIER=Intel64 Family 6 Model 158 Stepping 11, GenuineIntel
TMP=C:\Users\dhtmd\AppData\Local\Temp
TEMP=C:\Users\dhtmd\AppData\Local\Temp


JNI global refs:

[error occurred during error reporting (JNI global references), id 0xc0000005, EXCEPTION_ACCESS_VIOLATION (0xc0000005) at pc=0x00007fff07087a10]


---------------  S Y S T E M  ---------------

OS:
 Windows 10 , 64 bit Build 19041 (10.0.19041.3155)
OS uptime: 12 days 23:03 hours

CPU: total 4 (initial active 4) (4 cores per cpu, 1 threads per core) family 6 model 158 stepping 11 microcode 0xb4, cx8, cmov, fxsr, mmx, 3dnowpref, sse, sse2, sse3, ssse3, sse4.1, sse4.2, popcnt, lzcnt, tsc, tscinvbit, avx, avx2, aes, erms, clmul, bmi1, bmi2, adx, fma, vzeroupper, clflush, clflushopt

Memory: 4k page, system-wide physical 16302M (2833M free)
TotalPageFile size 16302M (AvailPageFile size 207M)
current process WorkingSet (physical memory assigned to process): 10M, peak: 10M
current process commit charge ("private bytes"): 51M, peak: 307M

vm_info: OpenJDK 64-Bit Server VM (17.0.6+0-b2043.56-10027231) for windows-amd64 JRE (17.0.6+0-b2043.56-10027231), built on Apr 28 2023 00:43:19 by "androidbuild" with MS VC++ 16.10 / 16.11 (VS2019)

END.
