#
# There is insufficient memory for the Java Runtime Environment to continue.
# Native memory allocation (mmap) failed to map 3145728 bytes for G1 virtual space
# Possible reasons:
#   The system is out of physical RAM or swap space
#   The process is running with CompressedOops enabled, and the Java Heap may be blocking the growth of the native heap
# Possible solutions:
#   Reduce memory load on the system
#   Increase physical memory or swap space
#   Check if swap backing store is full
#   Decrease Java heap size (-Xmx/-Xms)
#   Decrease number of Java threads
#   Decrease Java thread stack sizes (-Xss)
#   Set larger code cache with -XX:ReservedCodeCacheSize=
#   JVM is running with Unscaled Compressed Oops mode in which the Java heap is
#     placed in the first 4GB address space. The Java Heap base address is the
#     maximum limit for the native heap growth. Please use -XX:HeapBaseMinAddress
#     to set the Java Heap base and to place the Java Heap above 4GB virtual address.
# This output file may be truncated or incomplete.
#
#  Out of Memory Error (os_windows.cpp:3769), pid=39088, tid=44704
#
# JRE version: OpenJDK Runtime Environment (17.0.6) (build 17.0.6+0-b2043.56-9586694)
# Java VM: OpenJDK 64-Bit Server VM (17.0.6+0-b2043.56-9586694, mixed mode, tiered, compressed oops, compressed class ptrs, g1 gc, windows-amd64)
# No core dump will be written. Minidumps are not enabled by default on client versions of Windows
#

---------------  S U M M A R Y ------------

Command Line: --add-opens=java.base/java.util=ALL-UNNAMED --add-opens=java.base/java.lang=ALL-UNNAMED --add-opens=java.base/java.lang.invoke=ALL-UNNAMED --add-opens=java.prefs/java.util.prefs=ALL-UNNAMED --add-opens=java.base/java.nio.charset=ALL-UNNAMED --add-opens=java.base/java.net=ALL-UNNAMED --add-opens=java.base/java.util.concurrent.atomic=ALL-UNNAMED -Xmx2048m -Dfile.encoding=UTF-8 -Duser.country=KR -Duser.language=ko -Duser.variant -javaagent:D:\GitHub\workspace\wrapper\dists\gradle-8.1.1-bin\9wiye5v2saajue4irfo8ybqfp\gradle-8.1.1\lib\agents\gradle-instrumentation-agent-8.1.1.jar org.gradle.launcher.daemon.bootstrap.GradleDaemon 8.1.1

Host: Intel(R) Core(TM) i3-8100 CPU @ 3.60GHz, 4 cores, 15G,  Windows 10 , 64 bit Build 19041 (10.0.19041.3155)
Time: Wed Aug 23 23:11:46 2023  Windows 10 , 64 bit Build 19041 (10.0.19041.3155) elapsed time: 4.455739 seconds (0d 0h 0m 4s)

---------------  T H R E A D  ---------------

Current thread (0x000001c3feab3940):  VMThread "VM Thread" [stack: 0x0000006591e00000,0x0000006591f00000] [id=44704]

Stack: [0x0000006591e00000,0x0000006591f00000]
Native frames: (J=compiled Java code, j=interpreted, Vv=VM code, C=native code)
V  [jvm.dll+0x683b4a]
V  [jvm.dll+0x842654]
V  [jvm.dll+0x843dfe]
V  [jvm.dll+0x844463]
V  [jvm.dll+0x249b75]
V  [jvm.dll+0x680a19]
V  [jvm.dll+0x674f0a]
V  [jvm.dll+0x309acb]
V  [jvm.dll+0x310f86]
V  [jvm.dll+0x3608ee]
V  [jvm.dll+0x360b1f]
V  [jvm.dll+0x2dfbf8]
V  [jvm.dll+0x2e2ce6]
V  [jvm.dll+0x2ed478]
V  [jvm.dll+0x322150]
V  [jvm.dll+0x84893b]
V  [jvm.dll+0x849674]
V  [jvm.dll+0x849b8d]
V  [jvm.dll+0x849f64]
V  [jvm.dll+0x84a030]
V  [jvm.dll+0x7f25fa]
V  [jvm.dll+0x682985]
C  [ucrtbase.dll+0x21bb2]
C  [KERNEL32.DLL+0x17614]
C  [ntdll.dll+0x526b1]

VM_Operation (0x0000006591aff710): G1Concurrent, mode: safepoint, requested by thread 0x000001c3fa527140


---------------  P R O C E S S  ---------------

Threads class SMR info:
_java_thread_list=0x000001c398e5f7a0, length=38, elements={
0x000001c3fa4bad00, 0x000001c3ff43ca30, 0x000001c3ff43d7b0, 0x000001c3ff45c010,
0x000001c3ff45c9d0, 0x000001c3ff45fa40, 0x000001c3ff461df0, 0x000001c3ff491420,
0x000001c3ff495da0, 0x000001c3ff4ab280, 0x000001c3ff52afb0, 0x000001c3ff6a5340,
0x000001c39524f370, 0x000001c396a52020, 0x000001c3ff848170, 0x000001c3968e15b0,
0x000001c395d20260, 0x000001c395eaa3a0, 0x000001c3958a1d50, 0x000001c3969d6ad0,
0x000001c3958f35c0, 0x000001c39548a8d0, 0x000001c395489590, 0x000001c395488720,
0x000001c39548a400, 0x000001c39548ada0, 0x000001c39548b740, 0x000001c395488bf0,
0x000001c395489a60, 0x000001c39548b270, 0x000001c39548bc10, 0x000001c395488250,
0x000001c399f247e0, 0x000001c399f25180, 0x000001c399f21c90, 0x000001c399f1f140,
0x000001c399f1ffb0, 0x000001c399f23e40
}

Java Threads: ( => current thread )
  0x000001c3fa4bad00 JavaThread "main" [_thread_blocked, id=43416, stack(0x0000006591800000,0x0000006591900000)]
  0x000001c3ff43ca30 JavaThread "Reference Handler" daemon [_thread_blocked, id=41496, stack(0x0000006591f00000,0x0000006592000000)]
  0x000001c3ff43d7b0 JavaThread "Finalizer" daemon [_thread_blocked, id=31396, stack(0x0000006592000000,0x0000006592100000)]
  0x000001c3ff45c010 JavaThread "Signal Dispatcher" daemon [_thread_blocked, id=28612, stack(0x0000006592100000,0x0000006592200000)]
  0x000001c3ff45c9d0 JavaThread "Attach Listener" daemon [_thread_blocked, id=44836, stack(0x0000006592200000,0x0000006592300000)]
  0x000001c3ff45fa40 JavaThread "Service Thread" daemon [_thread_blocked, id=29576, stack(0x0000006592300000,0x0000006592400000)]
  0x000001c3ff461df0 JavaThread "Monitor Deflation Thread" daemon [_thread_blocked, id=44112, stack(0x0000006592400000,0x0000006592500000)]
  0x000001c3ff491420 JavaThread "C2 CompilerThread0" daemon [_thread_blocked, id=43656, stack(0x0000006592500000,0x0000006592600000)]
  0x000001c3ff495da0 JavaThread "C1 CompilerThread0" daemon [_thread_blocked, id=1996, stack(0x0000006592600000,0x0000006592700000)]
  0x000001c3ff4ab280 JavaThread "Sweeper thread" daemon [_thread_blocked, id=41560, stack(0x0000006592700000,0x0000006592800000)]
  0x000001c3ff52afb0 JavaThread "Common-Cleaner" daemon [_thread_blocked, id=43580, stack(0x0000006592800000,0x0000006592900000)]
  0x000001c3ff6a5340 JavaThread "Notification Thread" daemon [_thread_blocked, id=36844, stack(0x0000006592900000,0x0000006592a00000)]
  0x000001c39524f370 JavaThread "Daemon health stats" [_thread_blocked, id=32548, stack(0x0000006592f00000,0x0000006593000000)]
  0x000001c396a52020 JavaThread "Incoming local TCP Connector on port 53523" [_thread_in_native, id=14052, stack(0x0000006593000000,0x0000006593100000)]
  0x000001c3ff848170 JavaThread "Daemon periodic checks" [_thread_blocked, id=7576, stack(0x0000006592b00000,0x0000006592c00000)]
  0x000001c3968e15b0 JavaThread "C2 CompilerThread1" daemon [_thread_blocked, id=43400, stack(0x0000006593100000,0x0000006593200000)]
  0x000001c395d20260 JavaThread "Daemon" [_thread_blocked, id=44968, stack(0x0000006593200000,0x0000006593300000)]
  0x000001c395eaa3a0 JavaThread "Handler for socket connection from /127.0.0.1:53523 to /127.0.0.1:53524" [_thread_in_native, id=10296, stack(0x0000006593300000,0x0000006593400000)]
  0x000001c3958a1d50 JavaThread "Cancel handler" [_thread_blocked, id=43864, stack(0x0000006593400000,0x0000006593500000)]
  0x000001c3969d6ad0 JavaThread "Daemon worker" [_thread_blocked, id=14324, stack(0x0000006593500000,0x0000006593600000)]
  0x000001c3958f35c0 JavaThread "Asynchronous log dispatcher for DefaultDaemonConnection: socket connection from /127.0.0.1:53523 to /127.0.0.1:53524" [_thread_blocked, id=44488, stack(0x0000006593600000,0x0000006593700000)]
  0x000001c39548a8d0 JavaThread "Stdin handler" [_thread_blocked, id=24100, stack(0x0000006593700000,0x0000006593800000)]
  0x000001c395489590 JavaThread "Daemon client event forwarder" [_thread_blocked, id=44808, stack(0x0000006593800000,0x0000006593900000)]
  0x000001c395488720 JavaThread "Cache worker for journal cache (D:\GitHub\workspace\caches\journal-1)" [_thread_blocked, id=30644, stack(0x0000006593900000,0x0000006593a00000)]
  0x000001c39548a400 JavaThread "File lock request listener" [_thread_in_native, id=44620, stack(0x0000006593a00000,0x0000006593b00000)]
  0x000001c39548ada0 JavaThread "Cache worker for file hash cache (D:\GitHub\workspace\caches\8.1.1\fileHashes)" [_thread_blocked, id=43084, stack(0x0000006593b00000,0x0000006593c00000)]
  0x000001c39548b740 JavaThread "File watcher server" daemon [_thread_in_native, id=29964, stack(0x0000006593c00000,0x0000006593d00000)]
  0x000001c395488bf0 JavaThread "File watcher consumer" daemon [_thread_blocked, id=23432, stack(0x0000006593d00000,0x0000006593e00000)]
  0x000001c395489a60 JavaThread "jar transforms" [_thread_blocked, id=40708, stack(0x0000006593e00000,0x0000006593f00000)]
  0x000001c39548b270 JavaThread "jar transforms Thread 2" [_thread_blocked, id=40284, stack(0x0000006593f00000,0x0000006594000000)]
  0x000001c39548bc10 JavaThread "jar transforms Thread 3" [_thread_blocked, id=43716, stack(0x0000006594000000,0x0000006594100000)]
  0x000001c395488250 JavaThread "jar transforms Thread 4" [_thread_blocked, id=42276, stack(0x0000006594100000,0x0000006594200000)]
  0x000001c399f247e0 JavaThread "Cache worker for checksums cache (D:\android\workspace\MVVMNewsApp\.gradle\8.1.1\checksums)" [_thread_blocked, id=36444, stack(0x0000006594200000,0x0000006594300000)]
  0x000001c399f25180 JavaThread "Cache worker for cache directory md-rule (D:\GitHub\workspace\caches\8.1.1\md-rule)" [_thread_blocked, id=22060, stack(0x0000006594300000,0x0000006594400000)]
  0x000001c399f21c90 JavaThread "Cache worker for file content cache (D:\GitHub\workspace\caches\8.1.1\fileContent)" [_thread_blocked, id=19220, stack(0x0000006594400000,0x0000006594500000)]
  0x000001c399f1f140 JavaThread "Cache worker for file hash cache (D:\android\workspace\MVVMNewsApp\.gradle\8.1.1\fileHashes)" [_thread_blocked, id=41576, stack(0x0000006594500000,0x0000006594600000)]
  0x000001c399f1ffb0 JavaThread "Cache worker for cache directory md-supplier (D:\GitHub\workspace\caches\8.1.1\md-supplier)" [_thread_blocked, id=44508, stack(0x0000006594600000,0x0000006594700000)]
  0x000001c399f23e40 JavaThread "Cache worker for execution history cache (D:\GitHub\workspace\caches\8.1.1\executionHistory)" [_thread_blocked, id=22128, stack(0x0000006594700000,0x0000006594800000)]

Other Threads:
=>0x000001c3feab3940 VMThread "VM Thread" [stack: 0x0000006591e00000,0x0000006591f00000] [id=44704]
  0x000001c3fa4bbbc0 WatcherThread [stack: 0x0000006592a00000,0x0000006592b00000] [id=36380]
  0x000001c3fa5162f0 GCTaskThread "GC Thread#0" [stack: 0x0000006591900000,0x0000006591a00000] [id=22104]
  0x000001c3ffc637b0 GCTaskThread "GC Thread#1" [stack: 0x0000006592c00000,0x0000006592d00000] [id=29448]
  0x000001c3ff909470 GCTaskThread "GC Thread#2" [stack: 0x0000006592d00000,0x0000006592e00000] [id=40216]
  0x000001c3ffb3d7b0 GCTaskThread "GC Thread#3" [stack: 0x0000006592e00000,0x0000006592f00000] [id=42220]
  0x000001c3fa527140 ConcurrentGCThread "G1 Main Marker" [stack: 0x0000006591a00000,0x0000006591b00000] [id=43840]
  0x000001c3fa527a60 ConcurrentGCThread "G1 Conc#0" [stack: 0x0000006591b00000,0x0000006591c00000] [id=29356]
  0x000001c3fe924160 ConcurrentGCThread "G1 Refine#0" [stack: 0x0000006591c00000,0x0000006591d00000] [id=40092]
  0x000001c3fe924990 ConcurrentGCThread "G1 Service" [stack: 0x0000006591d00000,0x0000006591e00000] [id=44840]

Threads with active compile tasks:
C1 CompilerThread0     4501 4111       3       org.objectweb.asm.MethodVisitor::visitMaxs (17 bytes)

VM state: at safepoint (normal execution)

VM Mutex/Monitor currently owned by a thread:  ([mutex/lock_event])
[0x000001c3fa4b56c0] Threads_lock - owner thread: 0x000001c3feab3940
[0x000001c3fa4b6950] Heap_lock - owner thread: 0x000001c3fa527140

Heap address: 0x0000000080000000, size: 2048 MB, Compressed Oops mode: 32-bit

CDS archive(s) not mapped
Compressed class space mapped at: 0x0000000100000000-0x0000000140000000, reserved size: 1073741824
Narrow klass base: 0x0000000000000000, Narrow klass shift: 3, Narrow klass range: 0x140000000

GC Precious Log:
 CPUs: 4 total, 4 available
 Memory: 16302M
 Large Page Support: Disabled
 NUMA Support: Disabled
 Compressed Oops: Enabled (32-bit)
 Heap Region Size: 1M
 Heap Min Capacity: 8M
 Heap Initial Capacity: 256M
 Heap Max Capacity: 2G
 Pre-touch: Disabled
 Parallel Workers: 4
 Concurrent Workers: 1
 Concurrent Refinement Workers: 4
 Periodic GC: Disabled

Heap:
 garbage-first heap   total 119808K, used 72280K [0x0000000080000000, 0x0000000100000000)
  region size 1024K, 3 young (3072K), 2 survivors (2048K)
 Metaspace       used 47229K, committed 47616K, reserved 1097728K
  class space    used 6295K, committed 6464K, reserved 1048576K

Heap Regions: E=young(eden), S=young(survivor), O=old, HS=humongous(starts), HC=humongous(continues), CS=collection set, F=free, OA=open archive, CA=closed archive, TAMS=top-at-mark-start (previous, next)
|   0|0x0000000080000000, 0x0000000080100000, 0x0000000080100000|100%| O|  |TAMS 0x0000000080100000, 0x0000000080000000| Untracked 
|   1|0x0000000080100000, 0x0000000080200000, 0x0000000080200000|100%| O|  |TAMS 0x0000000080200000, 0x0000000080100000| Untracked 
|   2|0x0000000080200000, 0x0000000080300000, 0x0000000080300000|100%|HS|  |TAMS 0x0000000080300000, 0x0000000080200000| Complete 
|   3|0x0000000080300000, 0x0000000080400000, 0x0000000080400000|100%|HC|  |TAMS 0x0000000080400000, 0x0000000080300000| Complete 
|   4|0x0000000080400000, 0x0000000080500000, 0x0000000080500000|100%|HC|  |TAMS 0x0000000080500000, 0x0000000080400000| Complete 
|   5|0x0000000080500000, 0x0000000080600000, 0x0000000080600000|100%|HC|  |TAMS 0x0000000080600000, 0x0000000080500000| Complete 
|   6|0x0000000080600000, 0x0000000080700000, 0x0000000080700000|100%| O|  |TAMS 0x0000000080700000, 0x0000000080600000| Untracked 
|   7|0x0000000080700000, 0x0000000080800000, 0x0000000080800000|100%| O|  |TAMS 0x0000000080800000, 0x0000000080700000| Untracked 
|   8|0x0000000080800000, 0x0000000080900000, 0x0000000080900000|100%| O|  |TAMS 0x0000000080900000, 0x0000000080800000| Untracked 
|   9|0x0000000080900000, 0x0000000080a00000, 0x0000000080a00000|100%| O|  |TAMS 0x0000000080a00000, 0x0000000080900000| Updating 
|  10|0x0000000080a00000, 0x0000000080b00000, 0x0000000080b00000|100%| O|  |TAMS 0x0000000080b00000, 0x0000000080a00000| Untracked 
|  11|0x0000000080b00000, 0x0000000080ba4600, 0x0000000080c00000| 64%| O|  |TAMS 0x0000000080ba4600, 0x0000000080b00000| Updating 
|  12|0x0000000080c00000, 0x0000000080d00000, 0x0000000080d00000|100%| O|  |TAMS 0x0000000080d00000, 0x0000000080c00000| Untracked 
|  13|0x0000000080d00000, 0x0000000080e00000, 0x0000000080e00000|100%| O|  |TAMS 0x0000000080e00000, 0x0000000080d00000| Untracked 
|  14|0x0000000080e00000, 0x0000000080f00000, 0x0000000080f00000|100%| O|  |TAMS 0x0000000080f00000, 0x0000000080e00000| Untracked 
|  15|0x0000000080f00000, 0x0000000081000000, 0x0000000081000000|100%| O|  |TAMS 0x0000000081000000, 0x0000000080f00000| Untracked 
|  16|0x0000000081000000, 0x0000000081100000, 0x0000000081100000|100%| O|  |TAMS 0x0000000081100000, 0x0000000081000000| Untracked 
|  17|0x0000000081100000, 0x0000000081200000, 0x0000000081200000|100%| O|  |TAMS 0x0000000081200000, 0x0000000081100000| Untracked 
|  18|0x0000000081200000, 0x0000000081300000, 0x0000000081300000|100%| O|  |TAMS 0x0000000081300000, 0x0000000081200000| Updating 
|  19|0x0000000081300000, 0x0000000081400000, 0x0000000081400000|100%|HS|  |TAMS 0x0000000081400000, 0x0000000081300000| Complete 
|  20|0x0000000081400000, 0x0000000081500000, 0x0000000081500000|100%|HC|  |TAMS 0x0000000081500000, 0x0000000081400000| Complete 
|  21|0x0000000081500000, 0x0000000081600000, 0x0000000081600000|100%|HS|  |TAMS 0x0000000081600000, 0x0000000081500000| Complete 
|  22|0x0000000081600000, 0x0000000081700000, 0x0000000081700000|100%|HC|  |TAMS 0x0000000081700000, 0x0000000081600000| Complete 
|  23|0x0000000081700000, 0x0000000081800000, 0x0000000081800000|100%|HC|  |TAMS 0x0000000081800000, 0x0000000081700000| Complete 
|  24|0x0000000081800000, 0x0000000081900000, 0x0000000081900000|100%|HS|  |TAMS 0x0000000081900000, 0x0000000081800000| Complete 
|  25|0x0000000081900000, 0x0000000081a00000, 0x0000000081a00000|100%|HC|  |TAMS 0x0000000081a00000, 0x0000000081900000| Complete 
|  26|0x0000000081a00000, 0x0000000081b00000, 0x0000000081b00000|100%|HC|  |TAMS 0x0000000081b00000, 0x0000000081a00000| Complete 
|  27|0x0000000081b00000, 0x0000000081c00000, 0x0000000081c00000|100%|HS|  |TAMS 0x0000000081c00000, 0x0000000081b00000| Complete 
|  28|0x0000000081c00000, 0x0000000081d00000, 0x0000000081d00000|100%|HC|  |TAMS 0x0000000081d00000, 0x0000000081c00000| Complete 
|  29|0x0000000081d00000, 0x0000000081e00000, 0x0000000081e00000|100%| O|  |TAMS 0x0000000081e00000, 0x0000000081d00000| Untracked 
|  30|0x0000000081e00000, 0x0000000081f00000, 0x0000000081f00000|100%| O|  |TAMS 0x0000000081f00000, 0x0000000081e00000| Untracked 
|  31|0x0000000081f00000, 0x0000000082000000, 0x0000000082000000|100%| O|  |TAMS 0x0000000082000000, 0x0000000081f00000| Untracked 
|  32|0x0000000082000000, 0x0000000082100000, 0x0000000082100000|100%| O|  |TAMS 0x0000000082100000, 0x0000000082000000| Updating 
|  33|0x0000000082100000, 0x0000000082200000, 0x0000000082200000|100%|HS|  |TAMS 0x0000000082200000, 0x0000000082100000| Complete 
|  34|0x0000000082200000, 0x0000000082300000, 0x0000000082300000|100%|HC|  |TAMS 0x0000000082300000, 0x0000000082200000| Complete 
|  35|0x0000000082300000, 0x0000000082400000, 0x0000000082400000|100%|HC|  |TAMS 0x0000000082400000, 0x0000000082300000| Complete 
|  36|0x0000000082400000, 0x0000000082500000, 0x0000000082500000|100%|HC|  |TAMS 0x0000000082500000, 0x0000000082400000| Complete 
|  37|0x0000000082500000, 0x0000000082600000, 0x0000000082600000|100%|HC|  |TAMS 0x0000000082600000, 0x0000000082500000| Complete 
|  38|0x0000000082600000, 0x0000000082700000, 0x0000000082700000|100%|HC|  |TAMS 0x0000000082700000, 0x0000000082600000| Complete 
|  39|0x0000000082700000, 0x0000000082800000, 0x0000000082800000|100%|HS|  |TAMS 0x0000000082800000, 0x0000000082700000| Complete 
|  40|0x0000000082800000, 0x0000000082900000, 0x0000000082900000|100%|HS|  |TAMS 0x0000000082900000, 0x0000000082800000| Complete 
|  41|0x0000000082900000, 0x0000000082a00000, 0x0000000082a00000|100%|HC|  |TAMS 0x0000000082a00000, 0x0000000082900000| Complete 
|  42|0x0000000082a00000, 0x0000000082b00000, 0x0000000082b00000|100%|HC|  |TAMS 0x0000000082b00000, 0x0000000082a00000| Complete 
|  43|0x0000000082b00000, 0x0000000082c00000, 0x0000000082c00000|100%|HC|  |TAMS 0x0000000082c00000, 0x0000000082b00000| Complete 
|  44|0x0000000082c00000, 0x0000000082d00000, 0x0000000082d00000|100%|HC|  |TAMS 0x0000000082d00000, 0x0000000082c00000| Complete 
|  45|0x0000000082d00000, 0x0000000082e00000, 0x0000000082e00000|100%|HC|  |TAMS 0x0000000082e00000, 0x0000000082d00000| Complete 
|  46|0x0000000082e00000, 0x0000000082f00000, 0x0000000082f00000|100%|HC|  |TAMS 0x0000000082f00000, 0x0000000082e00000| Complete 
|  47|0x0000000082f00000, 0x0000000083000000, 0x0000000083000000|100%|HC|  |TAMS 0x0000000083000000, 0x0000000082f00000| Complete 
|  48|0x0000000083000000, 0x0000000083100000, 0x0000000083100000|100%|HC|  |TAMS 0x0000000083100000, 0x0000000083000000| Complete 
|  49|0x0000000083100000, 0x0000000083200000, 0x0000000083200000|100%|HC|  |TAMS 0x0000000083200000, 0x0000000083100000| Complete 
|  50|0x0000000083200000, 0x0000000083300000, 0x0000000083300000|100%|HS|  |TAMS 0x0000000083300000, 0x0000000083200000| Complete 
|  51|0x0000000083300000, 0x0000000083400000, 0x0000000083400000|100%|HC|  |TAMS 0x0000000083400000, 0x0000000083300000| Complete 
|  52|0x0000000083400000, 0x0000000083500000, 0x0000000083500000|100%| O|  |TAMS 0x0000000083500000, 0x0000000083400000| Untracked 
|  53|0x0000000083500000, 0x0000000083600000, 0x0000000083600000|100%| O|  |TAMS 0x0000000083600000, 0x0000000083500000| Updating 
|  54|0x0000000083600000, 0x0000000083700000, 0x0000000083700000|100%| O|  |TAMS 0x0000000083700000, 0x0000000083600000| Untracked 
|  55|0x0000000083700000, 0x0000000083800000, 0x0000000083800000|100%| O|  |TAMS 0x0000000083800000, 0x0000000083700000| Untracked 
|  56|0x0000000083800000, 0x0000000083900000, 0x0000000083900000|100%| O|  |TAMS 0x0000000083900000, 0x0000000083800000| Updating 
|  57|0x0000000083900000, 0x0000000083a00000, 0x0000000083a00000|100%| O|  |TAMS 0x0000000083a00000, 0x0000000083900000| Updating 
|  58|0x0000000083a00000, 0x0000000083b00000, 0x0000000083b00000|100%|HS|  |TAMS 0x0000000083a00000, 0x0000000083a00000| Complete 
|  59|0x0000000083b00000, 0x0000000083b00000, 0x0000000083c00000|  0%| F|  |TAMS 0x0000000083b00000, 0x0000000083b00000| Untracked 
|  60|0x0000000083c00000, 0x0000000083c00000, 0x0000000083d00000|  0%| F|  |TAMS 0x0000000083c00000, 0x0000000083c00000| Untracked 
|  61|0x0000000083d00000, 0x0000000083d00000, 0x0000000083e00000|  0%| F|  |TAMS 0x0000000083d00000, 0x0000000083d00000| Untracked 
|  62|0x0000000083e00000, 0x0000000083e00000, 0x0000000083f00000|  0%| F|  |TAMS 0x0000000083e00000, 0x0000000083e00000| Untracked 
|  63|0x0000000083f00000, 0x0000000084000000, 0x0000000084000000|100%| O|  |TAMS 0x0000000084000000, 0x0000000083f00000| Untracked 
|  64|0x0000000084000000, 0x0000000084100000, 0x0000000084100000|100%| O|  |TAMS 0x0000000084100000, 0x0000000084000000| Untracked 
|  65|0x0000000084100000, 0x0000000084200000, 0x0000000084200000|100%| O|  |TAMS 0x0000000084200000, 0x0000000084100000| Untracked 
|  66|0x0000000084200000, 0x00000000842fee00, 0x0000000084300000| 99%| O|  |TAMS 0x00000000842fee00, 0x0000000084200000| Untracked 
|  67|0x0000000084300000, 0x0000000084400000, 0x0000000084400000|100%|HS|  |TAMS 0x0000000084300000, 0x0000000084300000| Complete 
|  68|0x0000000084400000, 0x0000000084500000, 0x0000000084500000|100%|HC|  |TAMS 0x0000000084400000, 0x0000000084400000| Complete 
|  69|0x0000000084500000, 0x0000000084600000, 0x0000000084600000|100%|HC|  |TAMS 0x0000000084500000, 0x0000000084500000| Complete 
|  70|0x0000000084600000, 0x0000000084700000, 0x0000000084700000|100%|HC|  |TAMS 0x0000000084600000, 0x0000000084600000| Complete 
|  71|0x0000000084700000, 0x0000000084800000, 0x0000000084800000|100%|HC|  |TAMS 0x0000000084700000, 0x0000000084700000| Complete 
|  72|0x0000000084800000, 0x0000000084900000, 0x0000000084900000|100%|HC|  |TAMS 0x0000000084800000, 0x0000000084800000| Complete 
|  73|0x0000000084900000, 0x0000000084900000, 0x0000000084a00000|  0%| F|  |TAMS 0x0000000084900000, 0x0000000084900000| Untracked 
|  74|0x0000000084a00000, 0x0000000084a00000, 0x0000000084b00000|  0%| F|  |TAMS 0x0000000084a00000, 0x0000000084a00000| Untracked 
|  75|0x0000000084b00000, 0x0000000084b00000, 0x0000000084c00000|  0%| F|  |TAMS 0x0000000084b00000, 0x0000000084b00000| Untracked 
|  76|0x0000000084c00000, 0x0000000084c00000, 0x0000000084d00000|  0%| F|  |TAMS 0x0000000084c00000, 0x0000000084c00000| Untracked 
|  77|0x0000000084d00000, 0x0000000084d00000, 0x0000000084e00000|  0%| F|  |TAMS 0x0000000084d00000, 0x0000000084d00000| Untracked 
|  78|0x0000000084e00000, 0x0000000084e00000, 0x0000000084f00000|  0%| F|  |TAMS 0x0000000084e00000, 0x0000000084e00000| Untracked 
|  79|0x0000000084f00000, 0x0000000084f00000, 0x0000000085000000|  0%| F|  |TAMS 0x0000000084f00000, 0x0000000084f00000| Untracked 
|  80|0x0000000085000000, 0x0000000085000000, 0x0000000085100000|  0%| F|  |TAMS 0x0000000085000000, 0x0000000085000000| Untracked 
|  81|0x0000000085100000, 0x0000000085100000, 0x0000000085200000|  0%| F|  |TAMS 0x0000000085100000, 0x0000000085100000| Untracked 
|  82|0x0000000085200000, 0x0000000085200000, 0x0000000085300000|  0%| F|  |TAMS 0x0000000085200000, 0x0000000085200000| Untracked 
|  83|0x0000000085300000, 0x0000000085300000, 0x0000000085400000|  0%| F|  |TAMS 0x0000000085300000, 0x0000000085300000| Untracked 
|  84|0x0000000085400000, 0x0000000085400000, 0x0000000085500000|  0%| F|  |TAMS 0x0000000085400000, 0x0000000085400000| Untracked 
|  85|0x0000000085500000, 0x0000000085500000, 0x0000000085600000|  0%| F|  |TAMS 0x0000000085500000, 0x0000000085500000| Untracked 
|  86|0x0000000085600000, 0x0000000085600000, 0x0000000085700000|  0%| F|  |TAMS 0x0000000085600000, 0x0000000085600000| Untracked 
|  87|0x0000000085700000, 0x0000000085700000, 0x0000000085800000|  0%| F|  |TAMS 0x0000000085700000, 0x0000000085700000| Untracked 
|  88|0x0000000085800000, 0x0000000085800000, 0x0000000085900000|  0%| F|  |TAMS 0x0000000085800000, 0x0000000085800000| Untracked 
|  89|0x0000000085900000, 0x0000000085900000, 0x0000000085a00000|  0%| F|  |TAMS 0x0000000085900000, 0x0000000085900000| Untracked 
|  90|0x0000000085a00000, 0x0000000085a00000, 0x0000000085b00000|  0%| F|  |TAMS 0x0000000085a00000, 0x0000000085a00000| Untracked 
|  91|0x0000000085b00000, 0x0000000085b00000, 0x0000000085c00000|  0%| F|  |TAMS 0x0000000085b00000, 0x0000000085b00000| Untracked 
|  92|0x0000000085c00000, 0x0000000085c00000, 0x0000000085d00000|  0%| F|  |TAMS 0x0000000085c00000, 0x0000000085c00000| Untracked 
|  93|0x0000000085d00000, 0x0000000085d00000, 0x0000000085e00000|  0%| F|  |TAMS 0x0000000085d00000, 0x0000000085d00000| Untracked 
|  94|0x0000000085e00000, 0x0000000085e00000, 0x0000000085f00000|  0%| F|  |TAMS 0x0000000085e00000, 0x0000000085e00000| Untracked 
|  95|0x0000000085f00000, 0x0000000085f00000, 0x0000000086000000|  0%| F|  |TAMS 0x0000000085f00000, 0x0000000085f00000| Untracked 
|  96|0x0000000086000000, 0x0000000086000000, 0x0000000086100000|  0%| F|  |TAMS 0x0000000086000000, 0x0000000086000000| Untracked 
|  97|0x0000000086100000, 0x0000000086100000, 0x0000000086200000|  0%| F|  |TAMS 0x0000000086100000, 0x0000000086100000| Untracked 
|  98|0x0000000086200000, 0x0000000086200000, 0x0000000086300000|  0%| F|  |TAMS 0x0000000086200000, 0x0000000086200000| Untracked 
|  99|0x0000000086300000, 0x0000000086300000, 0x0000000086400000|  0%| F|  |TAMS 0x0000000086300000, 0x0000000086300000| Untracked 
| 100|0x0000000086400000, 0x0000000086400000, 0x0000000086500000|  0%| F|  |TAMS 0x0000000086400000, 0x0000000086400000| Untracked 
| 101|0x0000000086500000, 0x0000000086500000, 0x0000000086600000|  0%| F|  |TAMS 0x0000000086500000, 0x0000000086500000| Untracked 
| 102|0x0000000086600000, 0x0000000086600000, 0x0000000086700000|  0%| F|  |TAMS 0x0000000086600000, 0x0000000086600000| Untracked 
| 103|0x0000000086700000, 0x0000000086700000, 0x0000000086800000|  0%| F|  |TAMS 0x0000000086700000, 0x0000000086700000| Untracked 
| 104|0x0000000086800000, 0x0000000086800000, 0x0000000086900000|  0%| F|  |TAMS 0x0000000086800000, 0x0000000086800000| Untracked 
| 105|0x0000000086900000, 0x0000000086900000, 0x0000000086a00000|  0%| F|  |TAMS 0x0000000086900000, 0x0000000086900000| Untracked 
| 106|0x0000000086a00000, 0x0000000086a00000, 0x0000000086b00000|  0%| F|  |TAMS 0x0000000086a00000, 0x0000000086a00000| Untracked 
| 107|0x0000000086b00000, 0x0000000086b00000, 0x0000000086c00000|  0%| F|  |TAMS 0x0000000086b00000, 0x0000000086b00000| Untracked 
| 203|0x000000008cb00000, 0x000000008cb00000, 0x000000008cc00000|  0%| F|  |TAMS 0x000000008cb00000, 0x000000008cb00000| Untracked 
| 204|0x000000008cc00000, 0x000000008cc00000, 0x000000008cd00000|  0%| F|  |TAMS 0x000000008cc00000, 0x000000008cc00000| Untracked 
| 205|0x000000008cd00000, 0x000000008cd00000, 0x000000008ce00000|  0%| F|  |TAMS 0x000000008cd00000, 0x000000008cd00000| Untracked 
| 206|0x000000008ce00000, 0x000000008ce00000, 0x000000008cf00000|  0%| F|  |TAMS 0x000000008ce00000, 0x000000008ce00000| Untracked 
| 207|0x000000008cf00000, 0x000000008cf00000, 0x000000008d000000|  0%| F|  |TAMS 0x000000008cf00000, 0x000000008cf00000| Untracked 
| 208|0x000000008d000000, 0x000000008d0f2e10, 0x000000008d100000| 94%| S|CS|TAMS 0x000000008d000000, 0x000000008d000000| Complete 
| 209|0x000000008d100000, 0x000000008d200000, 0x000000008d200000|100%| S|CS|TAMS 0x000000008d100000, 0x000000008d100000| Complete 
| 210|0x000000008d200000, 0x000000008d200000, 0x000000008d300000|  0%| F|  |TAMS 0x000000008d200000, 0x000000008d200000| Untracked 
| 255|0x000000008ff00000, 0x000000008ffa8e38, 0x0000000090000000| 65%| E|  |TAMS 0x000000008ff00000, 0x000000008ff00000| Complete 

Card table byte_map: [0x000001c3fdd90000,0x000001c3fe190000] _byte_map_base: 0x000001c3fd990000

Marking Bits (Prev, Next): (CMBitMap*) 0x000001c3fa516850, (CMBitMap*) 0x000001c3fa516810
 Prev Bits: [0x000001c391000000, 0x000001c393000000)
 Next Bits: [0x000001c38f000000, 0x000001c391000000)

Polling page: 0x000001c3f8630000

Metaspace:

Usage:
  Non-class:     39.97 MB used.
      Class:      6.15 MB used.
       Both:     46.12 MB used.

Virtual space:
  Non-class space:       48.00 MB reserved,      40.19 MB ( 84%) committed,  6 nodes.
      Class space:        1.00 GB reserved,       6.31 MB ( <1%) committed,  1 nodes.
             Both:        1.05 GB reserved,      46.50 MB (  4%) committed. 

Chunk freelists:
   Non-Class:  3.78 MB
       Class:  1.57 MB
        Both:  5.35 MB

MaxMetaspaceSize: unlimited
CompressedClassSpaceSize: 1.00 GB
Initial GC threshold: 21.00 MB
Current GC threshold: 71.25 MB
CDS: off
MetaspaceReclaimPolicy: balanced
 - commit_granule_bytes: 65536.
 - commit_granule_words: 8192.
 - virtual_space_node_default_size: 1048576.
 - enlarge_chunks_in_place: 1.
 - new_chunks_are_fully_committed: 0.
 - uncommit_free_chunks: 1.
 - use_allocation_guard: 0.
 - handle_deallocations: 1.


Internal statistics:

num_allocs_failed_limit: 3.
num_arena_births: 422.
num_arena_deaths: 0.
num_vsnodes_births: 7.
num_vsnodes_deaths: 0.
num_space_committed: 744.
num_space_uncommitted: 0.
num_chunks_returned_to_freelist: 3.
num_chunks_taken_from_freelist: 1864.
num_chunk_merges: 3.
num_chunk_splits: 1207.
num_chunks_enlarged: 834.
num_purges: 0.
num_inconsistent_stats: 0.

CodeHeap 'non-profiled nmethods': size=120000Kb used=2447Kb max_used=2447Kb free=117552Kb
 bounds [0x000001c387ad0000, 0x000001c387d40000, 0x000001c38f000000]
CodeHeap 'profiled nmethods': size=120000Kb used=8482Kb max_used=8482Kb free=111517Kb
 bounds [0x000001c380000000, 0x000001c380850000, 0x000001c387530000]
CodeHeap 'non-nmethods': size=5760Kb used=2301Kb max_used=2374Kb free=3458Kb
 bounds [0x000001c387530000, 0x000001c3877a0000, 0x000001c387ad0000]
 total_blobs=4918 nmethods=4107 adapters=723
 compilation: enabled
              stopped_count=0, restarted_count=0
 full_count=0

Compilation events (20 events):
Event: 4.442 Thread 0x000001c3ff495da0 nmethod 4101 0x000001c380845110 code [0x000001c3808452a0, 0x000001c3808453a8]
Event: 4.442 Thread 0x000001c3ff495da0 4102       3       org.objectweb.asm.Label::addLineNumber (89 bytes)
Event: 4.442 Thread 0x000001c3ff495da0 nmethod 4102 0x000001c380845490 code [0x000001c380845660, 0x000001c380845b88]
Event: 4.442 Thread 0x000001c3ff495da0 4103       3       org.objectweb.asm.MethodWriter::visitLineNumber (50 bytes)
Event: 4.442 Thread 0x000001c3ff495da0 nmethod 4103 0x000001c380845d10 code [0x000001c380845ee0, 0x000001c380846378]
Event: 4.442 Thread 0x000001c3ff495da0 4104       3       java.util.TimeZone::getDefault (10 bytes)
Event: 4.442 Thread 0x000001c3ff495da0 nmethod 4104 0x000001c380846510 code [0x000001c380846700, 0x000001c380846bc8]
Event: 4.443 Thread 0x000001c3ff495da0 4105       3       java.util.TimeZone::toZoneId (21 bytes)
Event: 4.443 Thread 0x000001c3ff495da0 nmethod 4105 0x000001c380846e10 code [0x000001c380846fc0, 0x000001c3808471a8]
Event: 4.443 Thread 0x000001c3ff495da0 4106       3       java.time.ZoneId::systemDefault (7 bytes)
Event: 4.443 Thread 0x000001c3ff495da0 nmethod 4106 0x000001c380847290 code [0x000001c3808474a0, 0x000001c380847ab8]
Event: 4.443 Thread 0x000001c3ff495da0 4107       3       java.time.ZoneRegion::getRules (23 bytes)
Event: 4.443 Thread 0x000001c3ff495da0 nmethod 4107 0x000001c380847d10 code [0x000001c380847f00, 0x000001c3808482c8]
Event: 4.443 Thread 0x000001c3ff495da0 4108       3       org.objectweb.asm.MethodVisitor::visitLocalVariable (24 bytes)
Event: 4.444 Thread 0x000001c3ff495da0 nmethod 4108 0x000001c380848490 code [0x000001c380848640, 0x000001c380848848]
Event: 4.444 Thread 0x000001c3ff495da0 4109       1       org.apache.commons.compress.archivers.zip.ZipArchiveEntry::getSize (5 bytes)
Event: 4.444 Thread 0x000001c3ff495da0 nmethod 4109 0x000001c387d33910 code [0x000001c387d33aa0, 0x000001c387d33b78]
Event: 4.444 Thread 0x000001c3968e15b0 4110       4       java.lang.Class::getClassLoader (28 bytes)
Event: 4.444 Thread 0x000001c3968e15b0 nmethod 4110 0x000001c387d33c10 code [0x000001c387d33d80, 0x000001c387d33e38]
Event: 4.444 Thread 0x000001c3ff495da0 4111       3       org.objectweb.asm.MethodVisitor::visitMaxs (17 bytes)

GC Heap History (20 events):
Event: 2.630 GC heap before
{Heap before GC invocations=6 (full 0):
 garbage-first heap   total 68608K, used 52118K [0x0000000080000000, 0x0000000100000000)
  region size 1024K, 29 young (29696K), 2 survivors (2048K)
 Metaspace       used 29708K, committed 30080K, reserved 1081344K
  class space    used 4031K, committed 4224K, reserved 1048576K
}
Event: 2.634 GC heap after
{Heap after GC invocations=7 (full 0):
 garbage-first heap   total 68608K, used 28015K [0x0000000080000000, 0x0000000100000000)
  region size 1024K, 4 young (4096K), 4 survivors (4096K)
 Metaspace       used 29708K, committed 30080K, reserved 1081344K
  class space    used 4031K, committed 4224K, reserved 1048576K
}
Event: 2.684 GC heap before
{Heap before GC invocations=7 (full 0):
 garbage-first heap   total 68608K, used 34159K [0x0000000080000000, 0x0000000100000000)
  region size 1024K, 7 young (7168K), 4 survivors (4096K)
 Metaspace       used 29839K, committed 30144K, reserved 1081344K
  class space    used 4052K, committed 4224K, reserved 1048576K
}
Event: 2.687 GC heap after
{Heap after GC invocations=8 (full 0):
 garbage-first heap   total 68608K, used 34774K [0x0000000080000000, 0x0000000100000000)
  region size 1024K, 2 young (2048K), 2 survivors (2048K)
 Metaspace       used 29839K, committed 30144K, reserved 1081344K
  class space    used 4052K, committed 4224K, reserved 1048576K
}
Event: 2.714 GC heap before
{Heap before GC invocations=9 (full 0):
 garbage-first heap   total 73728K, used 41942K [0x0000000080000000, 0x0000000100000000)
  region size 1024K, 4 young (4096K), 2 survivors (2048K)
 Metaspace       used 29890K, committed 30208K, reserved 1081344K
  class space    used 4061K, committed 4224K, reserved 1048576K
}
Event: 2.715 GC heap after
{Heap after GC invocations=10 (full 0):
 garbage-first heap   total 73728K, used 42164K [0x0000000080000000, 0x0000000100000000)
  region size 1024K, 2 young (2048K), 2 survivors (2048K)
 Metaspace       used 29890K, committed 30208K, reserved 1081344K
  class space    used 4061K, committed 4224K, reserved 1048576K
}
Event: 2.918 GC heap before
{Heap before GC invocations=11 (full 0):
 garbage-first heap   total 94208K, used 68788K [0x0000000080000000, 0x0000000100000000)
  region size 1024K, 16 young (16384K), 2 survivors (2048K)
 Metaspace       used 31610K, committed 32000K, reserved 1081344K
  class space    used 4336K, committed 4544K, reserved 1048576K
}
Event: 2.921 GC heap after
{Heap after GC invocations=12 (full 0):
 garbage-first heap   total 94208K, used 55739K [0x0000000080000000, 0x0000000100000000)
  region size 1024K, 2 young (2048K), 2 survivors (2048K)
 Metaspace       used 31610K, committed 32000K, reserved 1081344K
  class space    used 4336K, committed 4544K, reserved 1048576K
}
Event: 3.132 GC heap before
{Heap before GC invocations=12 (full 0):
 garbage-first heap   total 94208K, used 72123K [0x0000000080000000, 0x0000000100000000)
  region size 1024K, 18 young (18432K), 2 survivors (2048K)
 Metaspace       used 33641K, committed 34048K, reserved 1081344K
  class space    used 4667K, committed 4864K, reserved 1048576K
}
Event: 3.134 GC heap after
{Heap after GC invocations=13 (full 0):
 garbage-first heap   total 94208K, used 56829K [0x0000000080000000, 0x0000000100000000)
  region size 1024K, 3 young (3072K), 3 survivors (3072K)
 Metaspace       used 33641K, committed 34048K, reserved 1081344K
  class space    used 4667K, committed 4864K, reserved 1048576K
}
Event: 3.366 GC heap before
{Heap before GC invocations=14 (full 0):
 garbage-first heap   total 99328K, used 72189K [0x0000000080000000, 0x0000000100000000)
  region size 1024K, 19 young (19456K), 3 survivors (3072K)
 Metaspace       used 36146K, committed 36480K, reserved 1081344K
  class space    used 5048K, committed 5184K, reserved 1048576K
}
Event: 3.368 GC heap after
{Heap after GC invocations=15 (full 0):
 garbage-first heap   total 99328K, used 57646K [0x0000000080000000, 0x0000000100000000)
  region size 1024K, 2 young (2048K), 2 survivors (2048K)
 Metaspace       used 36146K, committed 36480K, reserved 1081344K
  class space    used 5048K, committed 5184K, reserved 1048576K
}
Event: 3.658 GC heap before
{Heap before GC invocations=15 (full 0):
 garbage-first heap   total 99328K, used 77102K [0x0000000080000000, 0x0000000100000000)
  region size 1024K, 21 young (21504K), 2 survivors (2048K)
 Metaspace       used 41030K, committed 41344K, reserved 1089536K
  class space    used 5581K, committed 5760K, reserved 1048576K
}
Event: 3.661 GC heap after
{Heap after GC invocations=16 (full 0):
 garbage-first heap   total 119808K, used 59960K [0x0000000080000000, 0x0000000100000000)
  region size 1024K, 3 young (3072K), 3 survivors (3072K)
 Metaspace       used 41030K, committed 41344K, reserved 1089536K
  class space    used 5581K, committed 5760K, reserved 1048576K
}
Event: 3.888 GC heap before
{Heap before GC invocations=17 (full 0):
 garbage-first heap   total 119808K, used 88632K [0x0000000080000000, 0x0000000100000000)
  region size 1024K, 33 young (33792K), 3 survivors (3072K)
 Metaspace       used 42723K, committed 43136K, reserved 1089536K
  class space    used 5725K, committed 5952K, reserved 1048576K
}
Event: 3.893 GC heap after
{Heap after GC invocations=18 (full 0):
 garbage-first heap   total 119808K, used 63593K [0x0000000080000000, 0x0000000100000000)
  region size 1024K, 5 young (5120K), 5 survivors (5120K)
 Metaspace       used 42723K, committed 43136K, reserved 1089536K
  class space    used 5725K, committed 5952K, reserved 1048576K
}
Event: 4.388 GC heap before
{Heap before GC invocations=19 (full 0):
 garbage-first heap   total 119808K, used 97385K [0x0000000080000000, 0x0000000100000000)
  region size 1024K, 33 young (33792K), 5 survivors (5120K)
 Metaspace       used 46995K, committed 47424K, reserved 1097728K
  class space    used 6256K, committed 6464K, reserved 1048576K
}
Event: 4.394 GC heap after
{Heap after GC invocations=20 (full 0):
 garbage-first heap   total 119808K, used 65165K [0x0000000080000000, 0x0000000100000000)
  region size 1024K, 2 young (2048K), 2 survivors (2048K)
 Metaspace       used 46995K, committed 47424K, reserved 1097728K
  class space    used 6256K, committed 6464K, reserved 1048576K
}
Event: 4.415 GC heap before
{Heap before GC invocations=20 (full 0):
 garbage-first heap   total 119808K, used 66189K [0x0000000080000000, 0x0000000100000000)
  region size 1024K, 4 young (4096K), 2 survivors (2048K)
 Metaspace       used 47191K, committed 47616K, reserved 1097728K
  class space    used 6289K, committed 6464K, reserved 1048576K
}
Event: 4.418 GC heap after
{Heap after GC invocations=21 (full 0):
 garbage-first heap   total 119808K, used 65112K [0x0000000080000000, 0x0000000100000000)
  region size 1024K, 2 young (2048K), 2 survivors (2048K)
 Metaspace       used 47191K, committed 47616K, reserved 1097728K
  class space    used 6289K, committed 6464K, reserved 1048576K
}

Dll operation events (3 events):
Event: 0.015 Loaded shared library C:\Program Files\Android1\jbr\bin\java.dll
Event: 0.151 Loaded shared library C:\Program Files\Android1\jbr\bin\zip.dll
Event: 0.408 Loaded shared library C:\Program Files\Android1\jbr\bin\verify.dll

Deoptimization events (20 events):
Event: 4.429 Thread 0x000001c39548b270 Uncommon trap: trap_request=0xffffff3d fr.pc=0x000001c387c7c0d4 relative=0x0000000000000d34
Event: 4.429 Thread 0x000001c39548b270 Uncommon trap: reason=unstable_fused_if action=reinterpret pc=0x000001c387c7c0d4 method=org.objectweb.asm.ByteVector.putUTF8(Ljava/lang/String;)Lorg/objectweb/asm/ByteVector; @ 93 c2
Event: 4.429 Thread 0x000001c39548b270 DEOPT PACKING pc=0x000001c387c7c0d4 sp=0x0000006593ffe000
Event: 4.430 Thread 0x000001c39548b270 DEOPT UNPACKING pc=0x000001c3875869a3 sp=0x0000006593ffdf58 mode 2
Event: 4.430 Thread 0x000001c39548b270 Uncommon trap: trap_request=0xffffff45 fr.pc=0x000001c387ca08f4 relative=0x0000000000000454
Event: 4.430 Thread 0x000001c39548b270 Uncommon trap: reason=unstable_if action=reinterpret pc=0x000001c387ca08f4 method=java.lang.String.<init>([CIILjava/lang/Void;)V @ 43 c2
Event: 4.430 Thread 0x000001c39548b270 DEOPT PACKING pc=0x000001c387ca08f4 sp=0x0000006593ffdf10
Event: 4.430 Thread 0x000001c39548b270 DEOPT UNPACKING pc=0x000001c3875869a3 sp=0x0000006593ffde58 mode 2
Event: 4.430 Thread 0x000001c39548b270 Uncommon trap: trap_request=0xffffff3d fr.pc=0x000001c387c523d0 relative=0x0000000000000210
Event: 4.430 Thread 0x000001c39548b270 Uncommon trap: reason=unstable_fused_if action=reinterpret pc=0x000001c387c523d0 method=org.objectweb.asm.ByteVector.putUTF8(Ljava/lang/String;)Lorg/objectweb/asm/ByteVector; @ 93 c2
Event: 4.430 Thread 0x000001c39548b270 DEOPT PACKING pc=0x000001c387c523d0 sp=0x0000006593ffdc70
Event: 4.430 Thread 0x000001c39548b270 DEOPT UNPACKING pc=0x000001c3875869a3 sp=0x0000006593ffdc00 mode 2
Event: 4.431 Thread 0x000001c39548b270 Uncommon trap: trap_request=0xffffff45 fr.pc=0x000001c387afe41c relative=0x00000000000003fc
Event: 4.431 Thread 0x000001c39548b270 Uncommon trap: reason=unstable_if action=reinterpret pc=0x000001c387afe41c method=java.lang.StringUTF16.compress([CII)[B @ 13 c2
Event: 4.431 Thread 0x000001c39548b270 DEOPT PACKING pc=0x000001c387afe41c sp=0x0000006593ffde60
Event: 4.431 Thread 0x000001c39548b270 DEOPT UNPACKING pc=0x000001c3875869a3 sp=0x0000006593ffddc8 mode 2
Event: 4.436 Thread 0x000001c39548b270 Uncommon trap: trap_request=0xffffff45 fr.pc=0x000001c387ae5b60 relative=0x0000000000000360
Event: 4.436 Thread 0x000001c39548b270 Uncommon trap: reason=unstable_if action=reinterpret pc=0x000001c387ae5b60 method=java.lang.StringUTF16.compress([CI[BII)I @ 20 c2
Event: 4.436 Thread 0x000001c39548b270 DEOPT PACKING pc=0x000001c387ae5b60 sp=0x0000006593ffddf0
Event: 4.436 Thread 0x000001c39548b270 DEOPT UNPACKING pc=0x000001c3875869a3 sp=0x0000006593ffdd70 mode 2

Classes unloaded (0 events):
No events

Classes redefined (0 events):
No events

Internal exceptions (20 events):
Event: 3.950 Thread 0x000001c3969d6ad0 Exception <a 'java/lang/ClassNotFoundException'{0x000000008d16c970}: groovy/lang/Closure$1Customizer> (0x000000008d16c970) 
thrown [s\src\hotspot\share\classfile\systemDictionary.cpp, line 256]
Event: 3.985 Thread 0x000001c39548bc10 Exception <a 'sun/nio/fs/WindowsException'{0x000000008d098ee0}> (0x000000008d098ee0) 
thrown [s\src\hotspot\share\prims\jni.cpp, line 517]
Event: 4.026 Thread 0x000001c39548bc10 Exception <a 'sun/nio/fs/WindowsException'{0x000000008cd078a0}> (0x000000008cd078a0) 
thrown [s\src\hotspot\share\prims\jni.cpp, line 517]
Event: 4.027 Thread 0x000001c39548bc10 Exception <a 'sun/nio/fs/WindowsException'{0x000000008cd07aa0}> (0x000000008cd07aa0) 
thrown [s\src\hotspot\share\prims\jni.cpp, line 517]
Event: 4.033 Thread 0x000001c3969d6ad0 Exception <a 'java/lang/ClassNotFoundException'{0x000000008d07fbd8}: sync_studio_tooling4_c7icctmr3samqpnns3suhbuksBeanInfo> (0x000000008d07fbd8) 
thrown [s\src\hotspot\share\classfile\systemDictionary.cpp, line 256]
Event: 4.034 Thread 0x000001c3969d6ad0 Exception <a 'java/lang/ClassNotFoundException'{0x000000008cd24550}: sync_studio_tooling4_c7icctmr3samqpnns3suhbuksCustomizer> (0x000000008cd24550) 
thrown [s\src\hotspot\share\classfile\systemDictionary.cpp, line 256]
Event: 4.039 Thread 0x000001c3969d6ad0 Exception <a 'java/lang/ClassNotFoundException'{0x000000008cd72308}: org/gradle/internal/metaobject/ConfigureDelegateBeanInfo> (0x000000008cd72308) 
thrown [s\src\hotspot\share\classfile\systemDictionary.cpp, line 256]
Event: 4.040 Thread 0x000001c3969d6ad0 Exception <a 'java/lang/ClassNotFoundException'{0x000000008cd82898}: org/gradle/internal/metaobject/ConfigureDelegateCustomizer> (0x000000008cd82898) 
thrown [s\src\hotspot\share\classfile\systemDictionary.cpp, line 256]
Event: 4.044 Thread 0x000001c3969d6ad0 Exception <a 'java/lang/ClassNotFoundException'{0x000000008cdd7d40}: org/gradle/api/internal/initialization/DefaultScriptHandlerBeanInfo> (0x000000008cdd7d40) 
thrown [s\src\hotspot\share\classfile\systemDictionary.cpp, line 256]
Event: 4.044 Thread 0x000001c3969d6ad0 Exception <a 'java/lang/ClassNotFoundException'{0x000000008cde8418}: org/gradle/api/internal/initialization/DefaultScriptHandlerCustomizer> (0x000000008cde8418) 
thrown [s\src\hotspot\share\classfile\systemDictionary.cpp, line 256]
Event: 4.127 Thread 0x000001c3969d6ad0 Exception <a 'java/lang/NoSuchMethodError'{0x0000000086720860}: 'java.lang.Object java.lang.invoke.DirectMethodHandle$Holder.invokeSpecialIFC(java.lang.Object, java.lang.Object, java.lang.Object)'> (0x0000000086720860) 
thrown [s\src\hotspot\share\interpreter\linkResolver.cpp, line 771]
Event: 4.141 Thread 0x000001c3969d6ad0 Implicit null exception at 0x000001c387c98dec to 0x000001c387c98ea0
Event: 4.148 Thread 0x000001c3969d6ad0 Exception <a 'java/lang/ClassNotFoundException'{0x000000008665e788}: org/gradle/api/internal/artifacts/dsl/dependencies/DefaultDependencyHandler_DecoratedBeanInfo> (0x000000008665e788) 
thrown [s\src\hotspot\share\classfile\systemDictionary.cpp, line 256]
Event: 4.149 Thread 0x000001c3969d6ad0 Exception <a 'java/lang/ClassNotFoundException'{0x0000000086674510}: org/gradle/api/internal/artifacts/dsl/dependencies/DefaultDependencyHandlerBeanInfo> (0x0000000086674510) 
thrown [s\src\hotspot\share\classfile\systemDictionary.cpp, line 256]
Event: 4.150 Thread 0x000001c3969d6ad0 Exception <a 'java/lang/ClassNotFoundException'{0x0000000086689fe0}: org/gradle/api/internal/artifacts/dsl/dependencies/DefaultDependencyHandlerCustomizer> (0x0000000086689fe0) 
thrown [s\src\hotspot\share\classfile\systemDictionary.cpp, line 256]
Event: 4.157 Thread 0x000001c3969d6ad0 Exception <a 'java/lang/ClassNotFoundException'{0x00000000866c9098}: org/gradle/api/internal/artifacts/dsl/dependencies/DefaultDependencyHandler_DecoratedCustomizer> (0x00000000866c9098) 
thrown [s\src\hotspot\share\classfile\systemDictionary.cpp, line 256]
Event: 4.198 Thread 0x000001c3969d6ad0 Exception <a 'java/lang/NoSuchMethodError'{0x0000000086222018}: 'java.lang.Object java.lang.invoke.DirectMethodHandle$Holder.newInvokeSpecial(java.lang.Object, int, java.lang.Object)'> (0x0000000086222018) 
thrown [s\src\hotspot\share\interpreter\linkResolver.cpp, line 771]
Event: 4.407 Thread 0x000001c3969d6ad0 Exception <a 'java/lang/NoSuchMethodError'{0x000000008d237c80}: 'int java.lang.invoke.DirectMethodHandle$Holder.invokeStatic(java.lang.Object)'> (0x000000008d237c80) 
thrown [s\src\hotspot\share\interpreter\linkResolver.cpp, line 771]
Event: 4.407 Thread 0x000001c3969d6ad0 Exception <a 'java/lang/NoSuchMethodError'{0x000000008d23c070}: 'int java.lang.invoke.DirectMethodHandle$Holder.invokeStaticInit(java.lang.Object)'> (0x000000008d23c070) 
thrown [s\src\hotspot\share\interpreter\linkResolver.cpp, line 771]
Event: 4.414 Thread 0x000001c39548b270 Exception <a 'sun/nio/fs/WindowsException'{0x000000008d29d6c8}> (0x000000008d29d6c8) 
thrown [s\src\hotspot\share\prims\jni.cpp, line 517]

VM Operations (20 events):
Event: 3.706 Executing VM operation: HandshakeAllThreads done
Event: 3.755 Executing VM operation: HandshakeAllThreads
Event: 3.755 Executing VM operation: HandshakeAllThreads done
Event: 3.888 Executing VM operation: G1TryInitiateConcMark
Event: 3.893 Executing VM operation: G1TryInitiateConcMark done
Event: 3.914 Executing VM operation: G1Concurrent
Event: 3.915 Executing VM operation: G1Concurrent done
Event: 3.924 Executing VM operation: G1Concurrent
Event: 3.924 Executing VM operation: G1Concurrent done
Event: 4.011 Executing VM operation: HandshakeAllThreads
Event: 4.011 Executing VM operation: HandshakeAllThreads done
Event: 4.013 Executing VM operation: HandshakeAllThreads
Event: 4.013 Executing VM operation: HandshakeAllThreads done
Event: 4.115 Executing VM operation: HandshakeAllThreads
Event: 4.115 Executing VM operation: HandshakeAllThreads done
Event: 4.388 Executing VM operation: G1CollectForAllocation
Event: 4.394 Executing VM operation: G1CollectForAllocation done
Event: 4.415 Executing VM operation: G1TryInitiateConcMark
Event: 4.418 Executing VM operation: G1TryInitiateConcMark done
Event: 4.444 Executing VM operation: G1Concurrent

Events (20 events):
Event: 3.994 loading class java/util/zip/Deflater$DeflaterZStreamRef
Event: 3.995 loading class java/util/zip/Deflater$DeflaterZStreamRef done
Event: 3.998 loading class java/nio/channels/Channels
Event: 3.998 loading class java/nio/channels/Channels done
Event: 3.998 loading class sun/nio/ch/ChannelInputStream
Event: 3.998 loading class sun/nio/ch/ChannelInputStream done
Event: 4.001 loading class java/lang/invoke/SerializedLambda
Event: 4.001 loading class java/lang/invoke/SerializedLambda done
Event: 4.013 loading class java/nio/StringCharBuffer
Event: 4.013 loading class java/nio/StringCharBuffer done
Event: 4.025 loading class java/nio/file/StandardCopyOption
Event: 4.025 loading class java/nio/file/StandardCopyOption done
Event: 4.025 loading class sun/nio/fs/WindowsFileCopy
Event: 4.025 loading class sun/nio/fs/WindowsFileCopy done
Event: 4.101 loading class sun/reflect/generics/tree/BooleanSignature
Event: 4.101 loading class sun/reflect/generics/tree/BooleanSignature done
Event: 4.362 loading class java/io/DeleteOnExitHook
Event: 4.362 loading class java/io/DeleteOnExitHook done
Event: 4.362 loading class java/io/DeleteOnExitHook$1
Event: 4.362 loading class java/io/DeleteOnExitHook$1 done


Dynamic libraries:
0x00007ff76ea70000 - 0x00007ff76ea7a000 	C:\Program Files\Android1\jbr\bin\java.exe
0x00007fff3e130000 - 0x00007fff3e328000 	C:\WINDOWS\SYSTEM32\ntdll.dll
0x00007fff3c190000 - 0x00007fff3c24f000 	C:\WINDOWS\System32\KERNEL32.DLL
0x00007fff3bd90000 - 0x00007fff3c086000 	C:\WINDOWS\System32\KERNELBASE.dll
0x00007fff3c090000 - 0x00007fff3c190000 	C:\WINDOWS\System32\ucrtbase.dll
0x00007fff36940000 - 0x00007fff3695b000 	C:\Program Files\Android1\jbr\bin\VCRUNTIME140.dll
0x00007fff30400000 - 0x00007fff30417000 	C:\Program Files\Android1\jbr\bin\jli.dll
0x00007fff3d810000 - 0x00007fff3d9ad000 	C:\WINDOWS\System32\USER32.dll
0x00007fff3b8b0000 - 0x00007fff3b8d2000 	C:\WINDOWS\System32\win32u.dll
0x00007fff3cea0000 - 0x00007fff3cecc000 	C:\WINDOWS\System32\GDI32.dll
0x00007fff3b960000 - 0x00007fff3ba75000 	C:\WINDOWS\System32\gdi32full.dll
0x00007fff3b810000 - 0x00007fff3b8ad000 	C:\WINDOWS\System32\msvcp_win.dll
0x00007fff23160000 - 0x00007fff233fa000 	C:\WINDOWS\WinSxS\amd64_microsoft.windows.common-controls_6595b64144ccf1df_6.0.19041.1110_none_60b5254171f9507e\COMCTL32.dll
0x00007fff3db00000 - 0x00007fff3db9e000 	C:\WINDOWS\System32\msvcrt.dll
0x00007fff3da20000 - 0x00007fff3da50000 	C:\WINDOWS\System32\IMM32.DLL
0x00007fff37310000 - 0x00007fff3731c000 	C:\Program Files\Android1\jbr\bin\vcruntime140_1.dll
0x00007fff0f1a0000 - 0x00007fff0f22d000 	C:\Program Files\Android1\jbr\bin\msvcp140.dll
0x00007ffee7ad0000 - 0x00007ffee873d000 	C:\Program Files\Android1\jbr\bin\server\jvm.dll
0x00007fff3df60000 - 0x00007fff3e00f000 	C:\WINDOWS\System32\ADVAPI32.dll
0x00007fff3ddf0000 - 0x00007fff3de8c000 	C:\WINDOWS\System32\sechost.dll
0x00007fff3dba0000 - 0x00007fff3dcc6000 	C:\WINDOWS\System32\RPCRT4.dll
0x00007fff2f0b0000 - 0x00007fff2f0d7000 	C:\WINDOWS\SYSTEM32\WINMM.dll
0x00007fff37350000 - 0x00007fff37359000 	C:\WINDOWS\SYSTEM32\WSOCK32.dll
0x00007fff3d9b0000 - 0x00007fff3da1b000 	C:\WINDOWS\System32\WS2_32.dll
0x00007fff37260000 - 0x00007fff3726a000 	C:\WINDOWS\SYSTEM32\VERSION.dll
0x00007fff396d0000 - 0x00007fff396e2000 	C:\WINDOWS\SYSTEM32\kernel.appcore.dll
0x00007fff370e0000 - 0x00007fff370ea000 	C:\Program Files\Android1\jbr\bin\jimage.dll
0x00007fff36500000 - 0x00007fff366e4000 	C:\WINDOWS\SYSTEM32\DBGHELP.DLL
0x00007fff36700000 - 0x00007fff36734000 	C:\WINDOWS\SYSTEM32\dbgcore.DLL
0x00007fff3ba80000 - 0x00007fff3bb02000 	C:\WINDOWS\System32\bcryptPrimitives.dll
0x00007fff360e0000 - 0x00007fff360ee000 	C:\Program Files\Android1\jbr\bin\instrument.dll
0x00007fff364b0000 - 0x00007fff364d5000 	C:\Program Files\Android1\jbr\bin\java.dll
0x00007fff36490000 - 0x00007fff364a8000 	C:\Program Files\Android1\jbr\bin\zip.dll
0x00007fff3c250000 - 0x00007fff3c994000 	C:\WINDOWS\System32\SHELL32.dll
0x00007fff398d0000 - 0x00007fff3a063000 	C:\WINDOWS\SYSTEM32\windows.storage.dll
0x00007fff3cb40000 - 0x00007fff3ce94000 	C:\WINDOWS\System32\combase.dll
0x00007fff3b250000 - 0x00007fff3b27e000 	C:\WINDOWS\SYSTEM32\Wldp.dll
0x00007fff3da50000 - 0x00007fff3dafd000 	C:\WINDOWS\System32\SHCORE.dll
0x00007fff3e070000 - 0x00007fff3e0c5000 	C:\WINDOWS\System32\shlwapi.dll
0x00007fff3b740000 - 0x00007fff3b765000 	C:\WINDOWS\SYSTEM32\profapi.dll
0x00007fff36470000 - 0x00007fff36489000 	C:\Program Files\Android1\jbr\bin\net.dll
0x00007fff35dc0000 - 0x00007fff35eca000 	C:\WINDOWS\SYSTEM32\WINHTTP.dll
0x00007fff3afb0000 - 0x00007fff3b01a000 	C:\WINDOWS\system32\mswsock.dll
0x00007fff36450000 - 0x00007fff36466000 	C:\Program Files\Android1\jbr\bin\nio.dll
0x00007fff362a0000 - 0x00007fff362b0000 	C:\Program Files\Android1\jbr\bin\verify.dll
0x00007fff143e0000 - 0x00007fff14407000 	D:\GitHub\workspace\native\68d5fa5c4cc2d200863cafc0d521ce42e7d3e7ee720ec0a83991735586a16f82\windows-amd64\native-platform.dll
0x00007ffee8ca0000 - 0x00007ffee8de4000 	D:\GitHub\workspace\native\e376f236ea51e6404a007f0833ffe2c6e607c4080706a723a18a27aeea778392\windows-amd64\native-platform-file-events.dll
0x00007fff362c0000 - 0x00007fff362c9000 	C:\Program Files\Android1\jbr\bin\management.dll
0x00007fff362b0000 - 0x00007fff362bb000 	C:\Program Files\Android1\jbr\bin\management_ext.dll
0x00007fff3dde0000 - 0x00007fff3dde8000 	C:\WINDOWS\System32\PSAPI.DLL
0x00007fff3b1a0000 - 0x00007fff3b1b8000 	C:\WINDOWS\SYSTEM32\CRYPTSP.dll
0x00007fff3a7f0000 - 0x00007fff3a824000 	C:\WINDOWS\system32\rsaenh.dll
0x00007fff3b930000 - 0x00007fff3b957000 	C:\WINDOWS\System32\bcrypt.dll
0x00007fff3b700000 - 0x00007fff3b72e000 	C:\WINDOWS\SYSTEM32\USERENV.dll
0x00007fff3b1c0000 - 0x00007fff3b1cc000 	C:\WINDOWS\SYSTEM32\CRYPTBASE.dll
0x00007fff3ac50000 - 0x00007fff3ac8b000 	C:\WINDOWS\SYSTEM32\IPHLPAPI.DLL
0x00007fff3d530000 - 0x00007fff3d538000 	C:\WINDOWS\System32\NSI.dll
0x00007fff36cf0000 - 0x00007fff36d07000 	C:\WINDOWS\SYSTEM32\dhcpcsvc6.DLL
0x00007fff36cb0000 - 0x00007fff36ccd000 	C:\WINDOWS\SYSTEM32\dhcpcsvc.DLL
0x00007fff3aca0000 - 0x00007fff3ad6a000 	C:\WINDOWS\SYSTEM32\DNSAPI.dll
0x00007fff2e180000 - 0x00007fff2e187000 	C:\WINDOWS\system32\wshunix.dll

dbghelp: loaded successfully - version: 4.0.5 - missing functions: none
symbol engine: initialized successfully - sym options: 0x614 - pdb path: .;C:\Program Files\Android1\jbr\bin;C:\WINDOWS\SYSTEM32;C:\WINDOWS\WinSxS\amd64_microsoft.windows.common-controls_6595b64144ccf1df_6.0.19041.1110_none_60b5254171f9507e;C:\Program Files\Android1\jbr\bin\server;D:\GitHub\workspace\native\68d5fa5c4cc2d200863cafc0d521ce42e7d3e7ee720ec0a83991735586a16f82\windows-amd64;D:\GitHub\workspace\native\e376f236ea51e6404a007f0833ffe2c6e607c4080706a723a18a27aeea778392\windows-amd64

VM Arguments:
jvm_args: --add-opens=java.base/java.util=ALL-UNNAMED --add-opens=java.base/java.lang=ALL-UNNAMED --add-opens=java.base/java.lang.invoke=ALL-UNNAMED --add-opens=java.prefs/java.util.prefs=ALL-UNNAMED --add-opens=java.base/java.nio.charset=ALL-UNNAMED --add-opens=java.base/java.net=ALL-UNNAMED --add-opens=java.base/java.util.concurrent.atomic=ALL-UNNAMED -Xmx2048m -Dfile.encoding=UTF-8 -Duser.country=KR -Duser.language=ko -Duser.variant -javaagent:D:\GitHub\workspace\wrapper\dists\gradle-8.1.1-bin\9wiye5v2saajue4irfo8ybqfp\gradle-8.1.1\lib\agents\gradle-instrumentation-agent-8.1.1.jar 
java_command: org.gradle.launcher.daemon.bootstrap.GradleDaemon 8.1.1
java_class_path (initial): D:\GitHub\workspace\wrapper\dists\gradle-8.1.1-bin\9wiye5v2saajue4irfo8ybqfp\gradle-8.1.1\lib\gradle-launcher-8.1.1.jar
Launcher Type: SUN_STANDARD

[Global flags]
     intx CICompilerCount                          = 3                                         {product} {ergonomic}
     uint ConcGCThreads                            = 1                                         {product} {ergonomic}
     uint G1ConcRefinementThreads                  = 4                                         {product} {ergonomic}
   size_t G1HeapRegionSize                         = 1048576                                   {product} {ergonomic}
    uintx GCDrainStackTargetSize                   = 64                                        {product} {ergonomic}
   size_t InitialHeapSize                          = 268435456                                 {product} {ergonomic}
   size_t MarkStackSize                            = 4194304                                   {product} {ergonomic}
   size_t MaxHeapSize                              = 2147483648                                {product} {command line}
   size_t MaxNewSize                               = 1287651328                                {product} {ergonomic}
   size_t MinHeapDeltaBytes                        = 1048576                                   {product} {ergonomic}
   size_t MinHeapSize                              = 8388608                                   {product} {ergonomic}
    uintx NonNMethodCodeHeapSize                   = 5832780                                {pd product} {ergonomic}
    uintx NonProfiledCodeHeapSize                  = 122912730                              {pd product} {ergonomic}
    uintx ProfiledCodeHeapSize                     = 122912730                              {pd product} {ergonomic}
    uintx ReservedCodeCacheSize                    = 251658240                              {pd product} {ergonomic}
     bool SegmentedCodeCache                       = true                                      {product} {ergonomic}
   size_t SoftMaxHeapSize                          = 2147483648                             {manageable} {ergonomic}
     bool UseCompressedClassPointers               = true                           {product lp64_product} {ergonomic}
     bool UseCompressedOops                        = true                           {product lp64_product} {ergonomic}
     bool UseG1GC                                  = true                                      {product} {ergonomic}
     bool UseLargePagesIndividualAllocation        = false                                  {pd product} {ergonomic}

Logging:
Log output configuration:
 #0: stdout all=warning uptime,level,tags
 #1: stderr all=off uptime,level,tags

Environment Variables:
JAVA_HOME=C:\Program Files\Java\jdk-17
PATH=C:\Program Files\Common Files\Oracle\Java\javapath;C:\WINDOWS\system32;C:\WINDOWS;C:\WINDOWS\System32\Wbem;C:\WINDOWS\System32\WindowsPowerShell\v1.0\;C:\WINDOWS\System32\OpenSSH\;C:\Program Files\Git\cmd;C:\Program Files\Android\Android Studio\jbr\bin\server\;C:\Program Files\Java\jdk-17\bin;C:\Program Files\Bandizip\;C:\Users\dhtmd\AppData\Local\Microsoft\WindowsApps;C:\Users\dhtmd\AppData\Local\Programs\Microsoft VS Code\bin;C:\Users\dhtmd\AppData\Local\GitHubDesktop\bin
USERNAME=user
OS=Windows_NT
PROCESSOR_IDENTIFIER=Intel64 Family 6 Model 158 Stepping 11, GenuineIntel
TMP=C:\Users\dhtmd\AppData\Local\Temp
TEMP=C:\Users\dhtmd\AppData\Local\Temp



---------------  S Y S T E M  ---------------

OS:
 Windows 10 , 64 bit Build 19041 (10.0.19041.3155)
OS uptime: 12 days 22:50 hours

CPU: total 4 (initial active 4) (4 cores per cpu, 1 threads per core) family 6 model 158 stepping 11 microcode 0xb4, cx8, cmov, fxsr, mmx, 3dnowpref, sse, sse2, sse3, ssse3, sse4.1, sse4.2, popcnt, lzcnt, tsc, tscinvbit, avx, avx2, aes, erms, clmul, bmi1, bmi2, adx, fma, vzeroupper, clflush, clflushopt

Memory: 4k page, system-wide physical 16302M (2699M free)
TotalPageFile size 16302M (AvailPageFile size 8M)
current process WorkingSet (physical memory assigned to process): 273M, peak: 273M
current process commit charge ("private bytes"): 303M, peak: 387M

vm_info: OpenJDK 64-Bit Server VM (17.0.6+0-b2043.56-9586694) for windows-amd64 JRE (17.0.6+0-b2043.56-9586694), built on Feb  9 2023 20:06:20 by "androidbuild" with MS VC++ 16.10 / 16.11 (VS2019)

END.
