#
# There is insufficient memory for the Java Runtime Environment to continue.
# Native memory allocation (mmap) failed to map 45088768 bytes for G1 virtual space
# Possible reasons:
#   The system is out of physical RAM or swap space
#   The process is running with CompressedOops enabled, and the Java Heap may be blocking the growth of the native heap
# Possible solutions:
#   Reduce memory load on the system
#   Increase physical memory or swap space
#   Check if swap backing store is full
#   Decrease Java heap size (-Xmx/-Xms)
#   Decrease number of Java threads
#   Decrease Java thread stack sizes (-Xss)
#   Set larger code cache with -XX:ReservedCodeCacheSize=
#   JVM is running with Unscaled Compressed Oops mode in which the Java heap is
#     placed in the first 4GB address space. The Java Heap base address is the
#     maximum limit for the native heap growth. Please use -XX:HeapBaseMinAddress
#     to set the Java Heap base and to place the Java Heap above 4GB virtual address.
# This output file may be truncated or incomplete.
#
#  Out of Memory Error (os_windows.cpp:3769), pid=43208, tid=40540
#
# JRE version: OpenJDK Runtime Environment (17.0.6) (build 17.0.6+0-b2043.56-9586694)
# Java VM: OpenJDK 64-Bit Server VM (17.0.6+0-b2043.56-9586694, mixed mode, tiered, compressed oops, compressed class ptrs, g1 gc, windows-amd64)
# No core dump will be written. Minidumps are not enabled by default on client versions of Windows
#

---------------  S U M M A R Y ------------

Command Line: --add-opens=java.base/java.util=ALL-UNNAMED --add-opens=java.base/java.lang=ALL-UNNAMED --add-opens=java.base/java.lang.invoke=ALL-UNNAMED --add-opens=java.prefs/java.util.prefs=ALL-UNNAMED --add-opens=java.base/java.nio.charset=ALL-UNNAMED --add-opens=java.base/java.net=ALL-UNNAMED --add-opens=java.base/java.util.concurrent.atomic=ALL-UNNAMED -Xmx2048m -Dfile.encoding=UTF-8 -Duser.country=KR -Duser.language=ko -Duser.variant -javaagent:D:\GitHub\workspace\wrapper\dists\gradle-8.1.1-bin\9wiye5v2saajue4irfo8ybqfp\gradle-8.1.1\lib\agents\gradle-instrumentation-agent-8.1.1.jar org.gradle.launcher.daemon.bootstrap.GradleDaemon 8.1.1

Host: Intel(R) Core(TM) i3-8100 CPU @ 3.60GHz, 4 cores, 15G,  Windows 10 , 64 bit Build 19041 (10.0.19041.3155)
Time: Wed Aug 23 23:10:11 2023  Windows 10 , 64 bit Build 19041 (10.0.19041.3155) elapsed time: 11.569810 seconds (0d 0h 0m 11s)

---------------  T H R E A D  ---------------

Current thread (0x000002a2fc1a7f90):  VMThread "VM Thread" [stack: 0x000000bad0600000,0x000000bad0700000] [id=40540]

Stack: [0x000000bad0600000,0x000000bad0700000]
Native frames: (J=compiled Java code, j=interpreted, Vv=VM code, C=native code)
V  [jvm.dll+0x683b4a]
V  [jvm.dll+0x842654]
V  [jvm.dll+0x843dfe]
V  [jvm.dll+0x844463]
V  [jvm.dll+0x249b75]
V  [jvm.dll+0x680a19]
V  [jvm.dll+0x674f0a]
V  [jvm.dll+0x309acb]
V  [jvm.dll+0x310f86]
V  [jvm.dll+0x3608ee]
V  [jvm.dll+0x360b1f]
V  [jvm.dll+0x2dfbf8]
V  [jvm.dll+0x2ddec4]
V  [jvm.dll+0x2dd4cc]
V  [jvm.dll+0x321f3b]
V  [jvm.dll+0x84893b]
V  [jvm.dll+0x849674]
V  [jvm.dll+0x849b8d]
V  [jvm.dll+0x849f64]
V  [jvm.dll+0x84a030]
V  [jvm.dll+0x7f25fa]
V  [jvm.dll+0x682985]
C  [ucrtbase.dll+0x21bb2]
C  [KERNEL32.DLL+0x17614]
C  [ntdll.dll+0x526b1]

VM_Operation (0x000000bad26fe050): G1CollectForAllocation, mode: safepoint, requested by thread 0x000002a2fe049c20


---------------  P R O C E S S  ---------------

Threads class SMR info:
_java_thread_list=0x000002a2fe6a6480, length=38, elements={
0x000002a2e2bec530, 0x000002a2fcc1a420, 0x000002a2fcc1b2e0, 0x000002a2fcc50800,
0x000002a2fcc510c0, 0x000002a2fcc6d400, 0x000002a2fcc715c0, 0x000002a2fcc741c0,
0x000002a2fcc74b70, 0x000002a2fccb2800, 0x000002a2fcce8da0, 0x000002a2fcebba90,
0x000002a2fe7531b0, 0x000002a2fde30670, 0x000002a2fe208570, 0x000002a2fe7ce440,
0x000002a2ff7610c0, 0x000002a2fde576b0, 0x000002a2fe225670, 0x000002a2fe156ff0,
0x000002a2fe0470d0, 0x000002a2fe046c00, 0x000002a2fe0475a0, 0x000002a2fe048db0,
0x000002a2fe0488e0, 0x000002a2fe047a70, 0x000002a2fe048410, 0x000002a2fe049750,
0x000002a2fe049c20, 0x000002a2fe04a0f0, 0x000002a2fe04a5c0, 0x000002a281c521a0,
0x000002a2fd972ef0, 0x000002a2fd96eb90, 0x000002a2fd96f060, 0x000002a2fd96dd20,
0x000002a2fd974230, 0x000002a2fd96e6c0
}

Java Threads: ( => current thread )
  0x000002a2e2bec530 JavaThread "main" [_thread_blocked, id=43344, stack(0x000000bacff00000,0x000000bad0000000)]
  0x000002a2fcc1a420 JavaThread "Reference Handler" daemon [_thread_blocked, id=3560, stack(0x000000bad0700000,0x000000bad0800000)]
  0x000002a2fcc1b2e0 JavaThread "Finalizer" daemon [_thread_blocked, id=28860, stack(0x000000bad0800000,0x000000bad0900000)]
  0x000002a2fcc50800 JavaThread "Signal Dispatcher" daemon [_thread_blocked, id=44764, stack(0x000000bad0900000,0x000000bad0a00000)]
  0x000002a2fcc510c0 JavaThread "Attach Listener" daemon [_thread_blocked, id=43376, stack(0x000000bad0a00000,0x000000bad0b00000)]
  0x000002a2fcc6d400 JavaThread "Service Thread" daemon [_thread_blocked, id=44760, stack(0x000000bad0b00000,0x000000bad0c00000)]
  0x000002a2fcc715c0 JavaThread "Monitor Deflation Thread" daemon [_thread_blocked, id=44300, stack(0x000000bad0c00000,0x000000bad0d00000)]
  0x000002a2fcc741c0 JavaThread "C2 CompilerThread0" daemon [_thread_blocked, id=43432, stack(0x000000bad0d00000,0x000000bad0e00000)]
  0x000002a2fcc74b70 JavaThread "C1 CompilerThread0" daemon [_thread_blocked, id=43360, stack(0x000000bad0e00000,0x000000bad0f00000)]
  0x000002a2fccb2800 JavaThread "Sweeper thread" daemon [_thread_blocked, id=43364, stack(0x000000bad0f00000,0x000000bad1000000)]
  0x000002a2fcce8da0 JavaThread "Common-Cleaner" daemon [_thread_blocked, id=38696, stack(0x000000bad1000000,0x000000bad1100000)]
  0x000002a2fcebba90 JavaThread "Notification Thread" daemon [_thread_blocked, id=44780, stack(0x000000bad1100000,0x000000bad1200000)]
  0x000002a2fe7531b0 JavaThread "Daemon health stats" [_thread_blocked, id=43020, stack(0x000000bad1700000,0x000000bad1800000)]
  0x000002a2fde30670 JavaThread "Incoming local TCP Connector on port 53330" [_thread_in_native, id=28520, stack(0x000000bad1800000,0x000000bad1900000)]
  0x000002a2fe208570 JavaThread "Daemon periodic checks" [_thread_blocked, id=44856, stack(0x000000bad1900000,0x000000bad1a00000)]
  0x000002a2fe7ce440 JavaThread "Daemon" [_thread_blocked, id=31160, stack(0x000000bad1a00000,0x000000bad1b00000)]
  0x000002a2ff7610c0 JavaThread "Handler for socket connection from /127.0.0.1:53330 to /127.0.0.1:53331" [_thread_in_native, id=23324, stack(0x000000bad1b00000,0x000000bad1c00000)]
  0x000002a2fde576b0 JavaThread "Cancel handler" [_thread_blocked, id=16416, stack(0x000000bad1c00000,0x000000bad1d00000)]
  0x000002a2fe225670 JavaThread "Daemon worker" [_thread_blocked, id=43876, stack(0x000000bad1d00000,0x000000bad1e00000)]
  0x000002a2fe156ff0 JavaThread "Asynchronous log dispatcher for DefaultDaemonConnection: socket connection from /127.0.0.1:53330 to /127.0.0.1:53331" [_thread_blocked, id=43908, stack(0x000000bad1e00000,0x000000bad1f00000)]
  0x000002a2fe0470d0 JavaThread "Stdin handler" [_thread_blocked, id=41936, stack(0x000000bad1f00000,0x000000bad2000000)]
  0x000002a2fe046c00 JavaThread "Daemon client event forwarder" [_thread_blocked, id=45032, stack(0x000000bad2000000,0x000000bad2100000)]
  0x000002a2fe0475a0 JavaThread "Cache worker for journal cache (D:\GitHub\workspace\caches\journal-1)" [_thread_blocked, id=44852, stack(0x000000bad2100000,0x000000bad2200000)]
  0x000002a2fe048db0 JavaThread "File lock request listener" [_thread_in_native, id=42880, stack(0x000000bad2200000,0x000000bad2300000)]
  0x000002a2fe0488e0 JavaThread "Cache worker for file hash cache (D:\GitHub\workspace\caches\8.1.1\fileHashes)" [_thread_blocked, id=19776, stack(0x000000bad2300000,0x000000bad2400000)]
  0x000002a2fe047a70 JavaThread "File watcher server" daemon [_thread_in_native, id=36656, stack(0x000000bad2400000,0x000000bad2500000)]
  0x000002a2fe048410 JavaThread "File watcher consumer" daemon [_thread_blocked, id=44736, stack(0x000000bad2500000,0x000000bad2600000)]
  0x000002a2fe049750 JavaThread "jar transforms" [_thread_blocked, id=44276, stack(0x000000bad1300000,0x000000bad1400000)]
  0x000002a2fe049c20 JavaThread "jar transforms Thread 2" [_thread_blocked, id=43960, stack(0x000000bad2600000,0x000000bad2700000)]
  0x000002a2fe04a0f0 JavaThread "jar transforms Thread 3" [_thread_blocked, id=32424, stack(0x000000bad2700000,0x000000bad2800000)]
  0x000002a2fe04a5c0 JavaThread "jar transforms Thread 4" [_thread_blocked, id=28404, stack(0x000000bad2800000,0x000000bad2900000)]
  0x000002a281c521a0 JavaThread "C2 CompilerThread1" daemon [_thread_blocked, id=43552, stack(0x000000bad2900000,0x000000bad2a00000)]
  0x000002a2fd972ef0 JavaThread "Cache worker for checksums cache (D:\android\workspace\MVVMNewsApp\.gradle\8.1.1\checksums)" [_thread_blocked, id=43280, stack(0x000000bad2a00000,0x000000bad2b00000)]
  0x000002a2fd96eb90 JavaThread "Cache worker for cache directory md-rule (D:\GitHub\workspace\caches\8.1.1\md-rule)" [_thread_blocked, id=42912, stack(0x000000bad2b00000,0x000000bad2c00000)]
  0x000002a2fd96f060 JavaThread "Cache worker for file content cache (D:\GitHub\workspace\caches\8.1.1\fileContent)" [_thread_blocked, id=43064, stack(0x000000bad2c00000,0x000000bad2d00000)]
  0x000002a2fd96dd20 JavaThread "Cache worker for file hash cache (D:\android\workspace\MVVMNewsApp\.gradle\8.1.1\fileHashes)" [_thread_blocked, id=29292, stack(0x000000bad2d00000,0x000000bad2e00000)]
  0x000002a2fd974230 JavaThread "Cache worker for cache directory md-supplier (D:\GitHub\workspace\caches\8.1.1\md-supplier)" [_thread_blocked, id=42340, stack(0x000000bad2e00000,0x000000bad2f00000)]
  0x000002a2fd96e6c0 JavaThread "Cache worker for execution history cache (D:\GitHub\workspace\caches\8.1.1\executionHistory)" [_thread_blocked, id=44980, stack(0x000000bad2f00000,0x000000bad3000000)]

Other Threads:
=>0x000002a2fc1a7f90 VMThread "VM Thread" [stack: 0x000000bad0600000,0x000000bad0700000] [id=40540]
  0x000002a2e2bed3f0 WatcherThread [stack: 0x000000bad1200000,0x000000bad1300000] [id=44148]
  0x000002a2e2c464f0 GCTaskThread "GC Thread#0" [stack: 0x000000bad0100000,0x000000bad0200000] [id=44584]
  0x000002a2fd678d40 GCTaskThread "GC Thread#1" [stack: 0x000000bad1400000,0x000000bad1500000] [id=44740]
  0x000002a2fd1514e0 GCTaskThread "GC Thread#2" [stack: 0x000000bad1500000,0x000000bad1600000] [id=32520]
  0x000002a2fd43c9b0 GCTaskThread "GC Thread#3" [stack: 0x000000bad1600000,0x000000bad1700000] [id=43460]
  0x000002a2e2c57ae0 ConcurrentGCThread "G1 Main Marker" [stack: 0x000000bad0200000,0x000000bad0300000] [id=31148]
  0x000002a2e2c58400 ConcurrentGCThread "G1 Conc#0" [stack: 0x000000bad0300000,0x000000bad0400000] [id=43016]
  0x000002a2fc058510 ConcurrentGCThread "G1 Refine#0" [stack: 0x000000bad0400000,0x000000bad0500000] [id=43448]
  0x000002a2fc058be0 ConcurrentGCThread "G1 Service" [stack: 0x000000bad0500000,0x000000bad0600000] [id=44332]

Threads with active compile tasks:
C2 CompilerThread0    11619 6060       4       org.gradle.internal.classpath.ClasspathWalker$ZipClasspathEntry::getContent (10 bytes)
C2 CompilerThread1    11619 6057       4       org.gradle.internal.classpath.ClasspathBuilder$ZipEntryBuilder::put (54 bytes)

VM state: at safepoint (normal execution)

VM Mutex/Monitor currently owned by a thread:  ([mutex/lock_event])
[0x000002a2e2be70e0] Threads_lock - owner thread: 0x000002a2fc1a7f90
[0x000002a2e2be6240] Heap_lock - owner thread: 0x000002a2fe049c20

Heap address: 0x0000000080000000, size: 2048 MB, Compressed Oops mode: 32-bit

CDS archive(s) not mapped
Compressed class space mapped at: 0x0000000100000000-0x0000000140000000, reserved size: 1073741824
Narrow klass base: 0x0000000000000000, Narrow klass shift: 3, Narrow klass range: 0x140000000

GC Precious Log:
 CPUs: 4 total, 4 available
 Memory: 16302M
 Large Page Support: Disabled
 NUMA Support: Disabled
 Compressed Oops: Enabled (32-bit)
 Heap Region Size: 1M
 Heap Min Capacity: 8M
 Heap Initial Capacity: 256M
 Heap Max Capacity: 2G
 Pre-touch: Disabled
 Parallel Workers: 4
 Concurrent Workers: 1
 Concurrent Refinement Workers: 4
 Periodic GC: Disabled

Heap:
 garbage-first heap   total 218112K, used 84645K [0x0000000080000000, 0x0000000100000000)
  region size 1024K, 5 young (5120K), 5 survivors (5120K)
 Metaspace       used 53273K, committed 53760K, reserved 1097728K
  class space    used 7080K, committed 7296K, reserved 1048576K

Heap Regions: E=young(eden), S=young(survivor), O=old, HS=humongous(starts), HC=humongous(continues), CS=collection set, F=free, OA=open archive, CA=closed archive, TAMS=top-at-mark-start (previous, next)
|   0|0x0000000080000000, 0x0000000080100000, 0x0000000080100000|100%| O|  |TAMS 0x0000000080100000, 0x0000000080000000| Untracked 
|   1|0x0000000080100000, 0x0000000080200000, 0x0000000080200000|100%| O|  |TAMS 0x0000000080200000, 0x0000000080100000| Untracked 
|   2|0x0000000080200000, 0x0000000080300000, 0x0000000080300000|100%|HS|  |TAMS 0x0000000080300000, 0x0000000080200000| Complete 
|   3|0x0000000080300000, 0x0000000080400000, 0x0000000080400000|100%|HC|  |TAMS 0x0000000080400000, 0x0000000080300000| Complete 
|   4|0x0000000080400000, 0x0000000080500000, 0x0000000080500000|100%|HC|  |TAMS 0x0000000080500000, 0x0000000080400000| Complete 
|   5|0x0000000080500000, 0x0000000080600000, 0x0000000080600000|100%|HC|  |TAMS 0x0000000080600000, 0x0000000080500000| Complete 
|   6|0x0000000080600000, 0x0000000080700000, 0x0000000080700000|100%| O|  |TAMS 0x0000000080700000, 0x0000000080600000| Untracked 
|   7|0x0000000080700000, 0x0000000080800000, 0x0000000080800000|100%| O|  |TAMS 0x0000000080800000, 0x0000000080700000| Untracked 
|   8|0x0000000080800000, 0x0000000080900000, 0x0000000080900000|100%| O|  |TAMS 0x0000000080900000, 0x0000000080800000| Untracked 
|   9|0x0000000080900000, 0x0000000080a00000, 0x0000000080a00000|100%| O|  |TAMS 0x0000000080a00000, 0x0000000080900000| Untracked 
|  10|0x0000000080a00000, 0x0000000080b00000, 0x0000000080b00000|100%| O|  |TAMS 0x0000000080b00000, 0x0000000080a00000| Untracked 
|  11|0x0000000080b00000, 0x0000000080b9ae00, 0x0000000080c00000| 60%| O|  |TAMS 0x0000000080b9ae00, 0x0000000080b00000| Untracked 
|  12|0x0000000080c00000, 0x0000000080d00000, 0x0000000080d00000|100%| O|  |TAMS 0x0000000080d00000, 0x0000000080c00000| Untracked 
|  13|0x0000000080d00000, 0x0000000080e00000, 0x0000000080e00000|100%| O|  |TAMS 0x0000000080e00000, 0x0000000080d00000| Untracked 
|  14|0x0000000080e00000, 0x0000000080f00000, 0x0000000080f00000|100%| O|  |TAMS 0x0000000080f00000, 0x0000000080e00000| Untracked 
|  15|0x0000000080f00000, 0x0000000081000000, 0x0000000081000000|100%| O|  |TAMS 0x0000000081000000, 0x0000000080f00000| Untracked 
|  16|0x0000000081000000, 0x0000000081100000, 0x0000000081100000|100%| O|  |TAMS 0x0000000081100000, 0x0000000081000000| Untracked 
|  17|0x0000000081100000, 0x0000000081200000, 0x0000000081200000|100%| O|  |TAMS 0x0000000081200000, 0x0000000081100000| Untracked 
|  18|0x0000000081200000, 0x0000000081300000, 0x0000000081300000|100%| O|  |TAMS 0x0000000081300000, 0x0000000081200000| Untracked 
|  19|0x0000000081300000, 0x0000000081400000, 0x0000000081400000|100%|HS|  |TAMS 0x0000000081400000, 0x0000000081300000| Complete 
|  20|0x0000000081400000, 0x0000000081500000, 0x0000000081500000|100%|HC|  |TAMS 0x0000000081500000, 0x0000000081400000| Complete 
|  21|0x0000000081500000, 0x0000000081600000, 0x0000000081600000|100%|HS|  |TAMS 0x0000000081600000, 0x0000000081500000| Complete 
|  22|0x0000000081600000, 0x0000000081700000, 0x0000000081700000|100%|HC|  |TAMS 0x0000000081700000, 0x0000000081600000| Complete 
|  23|0x0000000081700000, 0x0000000081800000, 0x0000000081800000|100%|HC|  |TAMS 0x0000000081800000, 0x0000000081700000| Complete 
|  24|0x0000000081800000, 0x0000000081900000, 0x0000000081900000|100%|HS|  |TAMS 0x0000000081900000, 0x0000000081800000| Complete 
|  25|0x0000000081900000, 0x0000000081a00000, 0x0000000081a00000|100%|HC|  |TAMS 0x0000000081a00000, 0x0000000081900000| Complete 
|  26|0x0000000081a00000, 0x0000000081b00000, 0x0000000081b00000|100%|HC|  |TAMS 0x0000000081b00000, 0x0000000081a00000| Complete 
|  27|0x0000000081b00000, 0x0000000081c00000, 0x0000000081c00000|100%|HS|  |TAMS 0x0000000081c00000, 0x0000000081b00000| Complete 
|  28|0x0000000081c00000, 0x0000000081d00000, 0x0000000081d00000|100%|HC|  |TAMS 0x0000000081d00000, 0x0000000081c00000| Complete 
|  29|0x0000000081d00000, 0x0000000081e00000, 0x0000000081e00000|100%| O|  |TAMS 0x0000000081e00000, 0x0000000081d00000| Untracked 
|  30|0x0000000081e00000, 0x0000000081f00000, 0x0000000081f00000|100%| O|  |TAMS 0x0000000081f00000, 0x0000000081e00000| Untracked 
|  31|0x0000000081f00000, 0x0000000082000000, 0x0000000082000000|100%| O|  |TAMS 0x0000000082000000, 0x0000000081f00000| Untracked 
|  32|0x0000000082000000, 0x0000000082100000, 0x0000000082100000|100%| O|  |TAMS 0x0000000082100000, 0x0000000082000000| Untracked 
|  33|0x0000000082100000, 0x0000000082200000, 0x0000000082200000|100%|HS|  |TAMS 0x0000000082200000, 0x0000000082100000| Complete 
|  34|0x0000000082200000, 0x0000000082300000, 0x0000000082300000|100%|HC|  |TAMS 0x0000000082300000, 0x0000000082200000| Complete 
|  35|0x0000000082300000, 0x0000000082400000, 0x0000000082400000|100%|HC|  |TAMS 0x0000000082400000, 0x0000000082300000| Complete 
|  36|0x0000000082400000, 0x0000000082500000, 0x0000000082500000|100%|HC|  |TAMS 0x0000000082500000, 0x0000000082400000| Complete 
|  37|0x0000000082500000, 0x0000000082600000, 0x0000000082600000|100%|HC|  |TAMS 0x0000000082600000, 0x0000000082500000| Complete 
|  38|0x0000000082600000, 0x0000000082700000, 0x0000000082700000|100%|HC|  |TAMS 0x0000000082700000, 0x0000000082600000| Complete 
|  39|0x0000000082700000, 0x0000000082800000, 0x0000000082800000|100%|HC|  |TAMS 0x0000000082800000, 0x0000000082700000| Complete 
|  40|0x0000000082800000, 0x0000000082900000, 0x0000000082900000|100%|HC|  |TAMS 0x0000000082900000, 0x0000000082800000| Complete 
|  41|0x0000000082900000, 0x0000000082a00000, 0x0000000082a00000|100%|HC|  |TAMS 0x0000000082a00000, 0x0000000082900000| Complete 
|  42|0x0000000082a00000, 0x0000000082b00000, 0x0000000082b00000|100%|HC|  |TAMS 0x0000000082b00000, 0x0000000082a00000| Complete 
|  43|0x0000000082b00000, 0x0000000082c00000, 0x0000000082c00000|100%|HS|  |TAMS 0x0000000082c00000, 0x0000000082b00000| Complete 
|  44|0x0000000082c00000, 0x0000000082d00000, 0x0000000082d00000|100%|HC|  |TAMS 0x0000000082d00000, 0x0000000082c00000| Complete 
|  45|0x0000000082d00000, 0x0000000082e00000, 0x0000000082e00000|100%|HS|  |TAMS 0x0000000082e00000, 0x0000000082d00000| Complete 
|  46|0x0000000082e00000, 0x0000000082f00000, 0x0000000082f00000|100%|HC|  |TAMS 0x0000000082f00000, 0x0000000082e00000| Complete 
|  47|0x0000000082f00000, 0x0000000083000000, 0x0000000083000000|100%|HC|  |TAMS 0x0000000083000000, 0x0000000082f00000| Complete 
|  48|0x0000000083000000, 0x0000000083100000, 0x0000000083100000|100%|HC|  |TAMS 0x0000000083100000, 0x0000000083000000| Complete 
|  49|0x0000000083100000, 0x0000000083200000, 0x0000000083200000|100%|HC|  |TAMS 0x0000000083200000, 0x0000000083100000| Complete 
|  50|0x0000000083200000, 0x0000000083300000, 0x0000000083300000|100%|HC|  |TAMS 0x0000000083300000, 0x0000000083200000| Complete 
|  51|0x0000000083300000, 0x0000000083400000, 0x0000000083400000|100%| O|  |TAMS 0x0000000083400000, 0x0000000083300000| Untracked 
|  52|0x0000000083400000, 0x0000000083500000, 0x0000000083500000|100%| O|  |TAMS 0x0000000083500000, 0x0000000083400000| Untracked 
|  53|0x0000000083500000, 0x0000000083600000, 0x0000000083600000|100%|HS|  |TAMS 0x0000000083600000, 0x0000000083500000| Complete 
|  54|0x0000000083600000, 0x0000000083700000, 0x0000000083700000|100%| O|  |TAMS 0x0000000083700000, 0x0000000083600000| Untracked 
|  55|0x0000000083700000, 0x0000000083800000, 0x0000000083800000|100%| O|  |TAMS 0x0000000083800000, 0x0000000083700000| Untracked 
|  56|0x0000000083800000, 0x0000000083900000, 0x0000000083900000|100%| O|  |TAMS 0x0000000083900000, 0x0000000083800000| Untracked 
|  57|0x0000000083900000, 0x0000000083a00000, 0x0000000083a00000|100%| O|  |TAMS 0x0000000083a00000, 0x0000000083900000| Untracked 
|  58|0x0000000083a00000, 0x0000000083b00000, 0x0000000083b00000|100%| O|  |TAMS 0x0000000083b00000, 0x0000000083a00000| Untracked 
|  59|0x0000000083b00000, 0x0000000083c00000, 0x0000000083c00000|100%| O|  |TAMS 0x0000000083c00000, 0x0000000083b00000| Untracked 
|  60|0x0000000083c00000, 0x0000000083d00000, 0x0000000083d00000|100%| O|  |TAMS 0x0000000083d00000, 0x0000000083c00000| Untracked 
|  61|0x0000000083d00000, 0x0000000083e00000, 0x0000000083e00000|100%| O|  |TAMS 0x0000000083e00000, 0x0000000083d00000| Untracked 
|  62|0x0000000083e00000, 0x0000000083f00000, 0x0000000083f00000|100%| O|  |TAMS 0x0000000083f00000, 0x0000000083e00000| Untracked 
|  63|0x0000000083f00000, 0x0000000084000000, 0x0000000084000000|100%| O|  |TAMS 0x0000000084000000, 0x0000000083f00000| Untracked 
|  64|0x0000000084000000, 0x0000000084100000, 0x0000000084100000|100%| O|  |TAMS 0x0000000084100000, 0x0000000084000000| Untracked 
|  65|0x0000000084100000, 0x0000000084100000, 0x0000000084200000|  0%| F|  |TAMS 0x0000000084100000, 0x0000000084100000| Untracked 
|  66|0x0000000084200000, 0x0000000084200000, 0x0000000084300000|  0%| F|  |TAMS 0x0000000084200000, 0x0000000084200000| Untracked 
|  67|0x0000000084300000, 0x0000000084400000, 0x0000000084400000|100%|HS|  |TAMS 0x0000000084400000, 0x0000000084300000| Complete 
|  68|0x0000000084400000, 0x0000000084500000, 0x0000000084500000|100%|HC|  |TAMS 0x0000000084500000, 0x0000000084400000| Complete 
|  69|0x0000000084500000, 0x0000000084600000, 0x0000000084600000|100%|HC|  |TAMS 0x0000000084600000, 0x0000000084500000| Complete 
|  70|0x0000000084600000, 0x0000000084700000, 0x0000000084700000|100%|HC|  |TAMS 0x0000000084700000, 0x0000000084600000| Complete 
|  71|0x0000000084700000, 0x0000000084800000, 0x0000000084800000|100%|HC|  |TAMS 0x0000000084800000, 0x0000000084700000| Complete 
|  72|0x0000000084800000, 0x0000000084900000, 0x0000000084900000|100%|HC|  |TAMS 0x0000000084900000, 0x0000000084800000| Complete 
|  73|0x0000000084900000, 0x0000000084a00000, 0x0000000084a00000|100%|HS|  |TAMS 0x0000000084a00000, 0x0000000084900000| Complete 
|  74|0x0000000084a00000, 0x0000000084b00000, 0x0000000084b00000|100%| O|  |TAMS 0x0000000084b00000, 0x0000000084a00000| Untracked 
|  75|0x0000000084b00000, 0x0000000084c00000, 0x0000000084c00000|100%| O|  |TAMS 0x0000000084b1ec00, 0x0000000084b00000| Untracked 
|  76|0x0000000084c00000, 0x0000000084d00000, 0x0000000084d00000|100%| O|  |TAMS 0x0000000084c00000, 0x0000000084c00000| Untracked 
|  77|0x0000000084d00000, 0x0000000084e00000, 0x0000000084e00000|100%| O|  |TAMS 0x0000000084d00000, 0x0000000084d00000| Untracked 
|  78|0x0000000084e00000, 0x0000000084f00000, 0x0000000084f00000|100%| O|  |TAMS 0x0000000084e00000, 0x0000000084e00000| Untracked 
|  79|0x0000000084f00000, 0x0000000085000000, 0x0000000085000000|100%| O|  |TAMS 0x0000000084f00000, 0x0000000084f00000| Untracked 
|  80|0x0000000085000000, 0x0000000085061a00, 0x0000000085100000| 38%| O|  |TAMS 0x0000000085000000, 0x0000000085000000| Untracked 
|  81|0x0000000085100000, 0x0000000085100000, 0x0000000085200000|  0%| F|  |TAMS 0x0000000085100000, 0x0000000085100000| Untracked 
|  82|0x0000000085200000, 0x0000000085200000, 0x0000000085300000|  0%| F|  |TAMS 0x0000000085200000, 0x0000000085200000| Untracked 
|  83|0x0000000085300000, 0x0000000085300000, 0x0000000085400000|  0%| F|  |TAMS 0x0000000085300000, 0x0000000085300000| Untracked 
|  84|0x0000000085400000, 0x0000000085400000, 0x0000000085500000|  0%| F|  |TAMS 0x0000000085400000, 0x0000000085400000| Untracked 
|  85|0x0000000085500000, 0x0000000085500000, 0x0000000085600000|  0%| F|  |TAMS 0x0000000085500000, 0x0000000085500000| Untracked 
|  86|0x0000000085600000, 0x0000000085600000, 0x0000000085700000|  0%| F|  |TAMS 0x0000000085600000, 0x0000000085600000| Untracked 
|  87|0x0000000085700000, 0x0000000085700000, 0x0000000085800000|  0%| F|  |TAMS 0x0000000085700000, 0x0000000085700000| Untracked 
|  88|0x0000000085800000, 0x0000000085800000, 0x0000000085900000|  0%| F|  |TAMS 0x0000000085800000, 0x0000000085800000| Untracked 
|  89|0x0000000085900000, 0x0000000085900000, 0x0000000085a00000|  0%| F|  |TAMS 0x0000000085900000, 0x0000000085900000| Untracked 
|  90|0x0000000085a00000, 0x0000000085a00000, 0x0000000085b00000|  0%| F|  |TAMS 0x0000000085a00000, 0x0000000085a00000| Untracked 
|  91|0x0000000085b00000, 0x0000000085b00000, 0x0000000085c00000|  0%| F|  |TAMS 0x0000000085b00000, 0x0000000085b00000| Untracked 
|  92|0x0000000085c00000, 0x0000000085c00000, 0x0000000085d00000|  0%| F|  |TAMS 0x0000000085c00000, 0x0000000085c00000| Untracked 
|  93|0x0000000085d00000, 0x0000000085d00000, 0x0000000085e00000|  0%| F|  |TAMS 0x0000000085d00000, 0x0000000085d00000| Untracked 
|  94|0x0000000085e00000, 0x0000000085e00000, 0x0000000085f00000|  0%| F|  |TAMS 0x0000000085e00000, 0x0000000085e00000| Untracked 
|  95|0x0000000085f00000, 0x0000000085f00000, 0x0000000086000000|  0%| F|  |TAMS 0x0000000085f00000, 0x0000000085f00000| Untracked 
|  96|0x0000000086000000, 0x0000000086000000, 0x0000000086100000|  0%| F|  |TAMS 0x0000000086000000, 0x0000000086000000| Untracked 
|  97|0x0000000086100000, 0x0000000086100000, 0x0000000086200000|  0%| F|  |TAMS 0x0000000086100000, 0x0000000086100000| Untracked 
|  98|0x0000000086200000, 0x0000000086200000, 0x0000000086300000|  0%| F|  |TAMS 0x0000000086200000, 0x0000000086200000| Untracked 
|  99|0x0000000086300000, 0x0000000086300000, 0x0000000086400000|  0%| F|  |TAMS 0x0000000086300000, 0x0000000086300000| Untracked 
| 100|0x0000000086400000, 0x0000000086400000, 0x0000000086500000|  0%| F|  |TAMS 0x0000000086400000, 0x0000000086400000| Untracked 
| 101|0x0000000086500000, 0x0000000086500000, 0x0000000086600000|  0%| F|  |TAMS 0x0000000086500000, 0x0000000086500000| Untracked 
| 102|0x0000000086600000, 0x0000000086600000, 0x0000000086700000|  0%| F|  |TAMS 0x0000000086600000, 0x0000000086600000| Untracked 
| 103|0x0000000086700000, 0x0000000086700000, 0x0000000086800000|  0%| F|  |TAMS 0x0000000086700000, 0x0000000086700000| Untracked 
| 104|0x0000000086800000, 0x0000000086800000, 0x0000000086900000|  0%| F|  |TAMS 0x0000000086800000, 0x0000000086800000| Untracked 
| 105|0x0000000086900000, 0x00000000869acd10, 0x0000000086a00000| 67%| S|CS|TAMS 0x0000000086900000, 0x0000000086900000| Complete 
| 106|0x0000000086a00000, 0x0000000086b00000, 0x0000000086b00000|100%| S|CS|TAMS 0x0000000086a00000, 0x0000000086a00000| Complete 
| 107|0x0000000086b00000, 0x0000000086c00000, 0x0000000086c00000|100%| S|CS|TAMS 0x0000000086b00000, 0x0000000086b00000| Complete 
| 108|0x0000000086c00000, 0x0000000086d00000, 0x0000000086d00000|100%| S|CS|TAMS 0x0000000086c00000, 0x0000000086c00000| Complete 
| 109|0x0000000086d00000, 0x0000000086e00000, 0x0000000086e00000|100%| S|CS|TAMS 0x0000000086d00000, 0x0000000086d00000| Complete 
| 110|0x0000000086e00000, 0x0000000086e00000, 0x0000000086f00000|  0%| F|  |TAMS 0x0000000086e00000, 0x0000000086e00000| Untracked 
| 111|0x0000000086f00000, 0x0000000086f00000, 0x0000000087000000|  0%| F|  |TAMS 0x0000000086f00000, 0x0000000086f00000| Untracked 
| 112|0x0000000087000000, 0x0000000087000000, 0x0000000087100000|  0%| F|  |TAMS 0x0000000087000000, 0x0000000087000000| Untracked 
| 113|0x0000000087100000, 0x0000000087100000, 0x0000000087200000|  0%| F|  |TAMS 0x0000000087100000, 0x0000000087100000| Untracked 
| 114|0x0000000087200000, 0x0000000087200000, 0x0000000087300000|  0%| F|  |TAMS 0x0000000087200000, 0x0000000087200000| Untracked 
| 115|0x0000000087300000, 0x0000000087300000, 0x0000000087400000|  0%| F|  |TAMS 0x0000000087300000, 0x0000000087300000| Untracked 
| 116|0x0000000087400000, 0x0000000087400000, 0x0000000087500000|  0%| F|  |TAMS 0x0000000087400000, 0x0000000087400000| Untracked 
| 117|0x0000000087500000, 0x0000000087500000, 0x0000000087600000|  0%| F|  |TAMS 0x0000000087500000, 0x0000000087500000| Untracked 
| 118|0x0000000087600000, 0x0000000087600000, 0x0000000087700000|  0%| F|  |TAMS 0x0000000087600000, 0x0000000087600000| Untracked 
| 119|0x0000000087700000, 0x0000000087700000, 0x0000000087800000|  0%| F|  |TAMS 0x0000000087700000, 0x0000000087700000| Untracked 
| 120|0x0000000087800000, 0x0000000087800000, 0x0000000087900000|  0%| F|  |TAMS 0x0000000087800000, 0x0000000087800000| Untracked 
| 121|0x0000000087900000, 0x0000000087900000, 0x0000000087a00000|  0%| F|  |TAMS 0x0000000087900000, 0x0000000087900000| Untracked 
| 122|0x0000000087a00000, 0x0000000087a00000, 0x0000000087b00000|  0%| F|  |TAMS 0x0000000087a00000, 0x0000000087a00000| Untracked 
| 123|0x0000000087b00000, 0x0000000087b00000, 0x0000000087c00000|  0%| F|  |TAMS 0x0000000087b00000, 0x0000000087b00000| Untracked 
| 124|0x0000000087c00000, 0x0000000087c00000, 0x0000000087d00000|  0%| F|  |TAMS 0x0000000087c00000, 0x0000000087c00000| Untracked 
| 125|0x0000000087d00000, 0x0000000087d00000, 0x0000000087e00000|  0%| F|  |TAMS 0x0000000087d00000, 0x0000000087d00000| Untracked 
| 126|0x0000000087e00000, 0x0000000087e00000, 0x0000000087f00000|  0%| F|  |TAMS 0x0000000087e00000, 0x0000000087e00000| Untracked 
| 127|0x0000000087f00000, 0x0000000087f00000, 0x0000000088000000|  0%| F|  |TAMS 0x0000000087f00000, 0x0000000087f00000| Untracked 
| 128|0x0000000088000000, 0x0000000088000000, 0x0000000088100000|  0%| F|  |TAMS 0x0000000088000000, 0x0000000088000000| Untracked 
| 129|0x0000000088100000, 0x0000000088100000, 0x0000000088200000|  0%| F|  |TAMS 0x0000000088100000, 0x0000000088100000| Untracked 
| 130|0x0000000088200000, 0x0000000088200000, 0x0000000088300000|  0%| F|  |TAMS 0x0000000088200000, 0x0000000088200000| Untracked 
| 131|0x0000000088300000, 0x0000000088300000, 0x0000000088400000|  0%| F|  |TAMS 0x0000000088300000, 0x0000000088300000| Untracked 
| 132|0x0000000088400000, 0x0000000088400000, 0x0000000088500000|  0%| F|  |TAMS 0x0000000088400000, 0x0000000088400000| Untracked 
| 133|0x0000000088500000, 0x0000000088500000, 0x0000000088600000|  0%| F|  |TAMS 0x0000000088500000, 0x0000000088500000| Untracked 
| 134|0x0000000088600000, 0x0000000088600000, 0x0000000088700000|  0%| F|  |TAMS 0x0000000088600000, 0x0000000088600000| Untracked 
| 135|0x0000000088700000, 0x0000000088700000, 0x0000000088800000|  0%| F|  |TAMS 0x0000000088700000, 0x0000000088700000| Untracked 
| 136|0x0000000088800000, 0x0000000088800000, 0x0000000088900000|  0%| F|  |TAMS 0x0000000088800000, 0x0000000088800000| Untracked 
| 137|0x0000000088900000, 0x0000000088900000, 0x0000000088a00000|  0%| F|  |TAMS 0x0000000088900000, 0x0000000088900000| Untracked 
| 138|0x0000000088a00000, 0x0000000088a00000, 0x0000000088b00000|  0%| F|  |TAMS 0x0000000088a00000, 0x0000000088a00000| Untracked 
| 139|0x0000000088b00000, 0x0000000088b00000, 0x0000000088c00000|  0%| F|  |TAMS 0x0000000088b00000, 0x0000000088b00000| Untracked 
| 140|0x0000000088c00000, 0x0000000088c00000, 0x0000000088d00000|  0%| F|  |TAMS 0x0000000088c00000, 0x0000000088c00000| Untracked 
| 141|0x0000000088d00000, 0x0000000088d00000, 0x0000000088e00000|  0%| F|  |TAMS 0x0000000088d00000, 0x0000000088d00000| Untracked 
| 142|0x0000000088e00000, 0x0000000088e00000, 0x0000000088f00000|  0%| F|  |TAMS 0x0000000088e00000, 0x0000000088e00000| Untracked 
| 143|0x0000000088f00000, 0x0000000088f00000, 0x0000000089000000|  0%| F|  |TAMS 0x0000000088f00000, 0x0000000088f00000| Untracked 
| 144|0x0000000089000000, 0x0000000089000000, 0x0000000089100000|  0%| F|  |TAMS 0x0000000089000000, 0x0000000089000000| Untracked 
| 145|0x0000000089100000, 0x0000000089100000, 0x0000000089200000|  0%| F|  |TAMS 0x0000000089100000, 0x0000000089100000| Untracked 
| 146|0x0000000089200000, 0x0000000089200000, 0x0000000089300000|  0%| F|  |TAMS 0x0000000089200000, 0x0000000089200000| Untracked 
| 147|0x0000000089300000, 0x0000000089300000, 0x0000000089400000|  0%| F|  |TAMS 0x0000000089300000, 0x0000000089300000| Untracked 
| 148|0x0000000089400000, 0x0000000089400000, 0x0000000089500000|  0%| F|  |TAMS 0x0000000089400000, 0x0000000089400000| Untracked 
| 149|0x0000000089500000, 0x0000000089500000, 0x0000000089600000|  0%| F|  |TAMS 0x0000000089500000, 0x0000000089500000| Untracked 
| 150|0x0000000089600000, 0x0000000089600000, 0x0000000089700000|  0%| F|  |TAMS 0x0000000089600000, 0x0000000089600000| Untracked 
| 151|0x0000000089700000, 0x0000000089700000, 0x0000000089800000|  0%| F|  |TAMS 0x0000000089700000, 0x0000000089700000| Untracked 
| 152|0x0000000089800000, 0x0000000089800000, 0x0000000089900000|  0%| F|  |TAMS 0x0000000089800000, 0x0000000089800000| Untracked 
| 153|0x0000000089900000, 0x0000000089900000, 0x0000000089a00000|  0%| F|  |TAMS 0x0000000089900000, 0x0000000089900000| Untracked 
| 154|0x0000000089a00000, 0x0000000089a00000, 0x0000000089b00000|  0%| F|  |TAMS 0x0000000089a00000, 0x0000000089a00000| Untracked 
| 155|0x0000000089b00000, 0x0000000089b00000, 0x0000000089c00000|  0%| F|  |TAMS 0x0000000089b00000, 0x0000000089b00000| Untracked 
| 156|0x0000000089c00000, 0x0000000089c00000, 0x0000000089d00000|  0%| F|  |TAMS 0x0000000089c00000, 0x0000000089c00000| Untracked 
| 157|0x0000000089d00000, 0x0000000089d00000, 0x0000000089e00000|  0%| F|  |TAMS 0x0000000089d00000, 0x0000000089d00000| Untracked 
| 158|0x0000000089e00000, 0x0000000089e00000, 0x0000000089f00000|  0%| F|  |TAMS 0x0000000089e00000, 0x0000000089e00000| Untracked 
| 159|0x0000000089f00000, 0x0000000089f00000, 0x000000008a000000|  0%| F|  |TAMS 0x0000000089f00000, 0x0000000089f00000| Untracked 
| 160|0x000000008a000000, 0x000000008a000000, 0x000000008a100000|  0%| F|  |TAMS 0x000000008a000000, 0x000000008a000000| Untracked 
| 161|0x000000008a100000, 0x000000008a100000, 0x000000008a200000|  0%| F|  |TAMS 0x000000008a100000, 0x000000008a100000| Untracked 
| 162|0x000000008a200000, 0x000000008a200000, 0x000000008a300000|  0%| F|  |TAMS 0x000000008a200000, 0x000000008a200000| Untracked 
| 163|0x000000008a300000, 0x000000008a300000, 0x000000008a400000|  0%| F|  |TAMS 0x000000008a300000, 0x000000008a300000| Untracked 
| 164|0x000000008a400000, 0x000000008a400000, 0x000000008a500000|  0%| F|  |TAMS 0x000000008a400000, 0x000000008a400000| Untracked 
| 165|0x000000008a500000, 0x000000008a500000, 0x000000008a600000|  0%| F|  |TAMS 0x000000008a500000, 0x000000008a500000| Untracked 
| 166|0x000000008a600000, 0x000000008a600000, 0x000000008a700000|  0%| F|  |TAMS 0x000000008a600000, 0x000000008a600000| Untracked 
| 167|0x000000008a700000, 0x000000008a700000, 0x000000008a800000|  0%| F|  |TAMS 0x000000008a700000, 0x000000008a700000| Untracked 
| 168|0x000000008a800000, 0x000000008a800000, 0x000000008a900000|  0%| F|  |TAMS 0x000000008a800000, 0x000000008a800000| Untracked 
| 169|0x000000008a900000, 0x000000008a900000, 0x000000008aa00000|  0%| F|  |TAMS 0x000000008a900000, 0x000000008a900000| Untracked 
| 170|0x000000008aa00000, 0x000000008aa00000, 0x000000008ab00000|  0%| F|  |TAMS 0x000000008aa00000, 0x000000008aa00000| Untracked 
| 171|0x000000008ab00000, 0x000000008ab00000, 0x000000008ac00000|  0%| F|  |TAMS 0x000000008ab00000, 0x000000008ab00000| Untracked 
| 172|0x000000008ac00000, 0x000000008ac00000, 0x000000008ad00000|  0%| F|  |TAMS 0x000000008ac00000, 0x000000008ac00000| Untracked 
| 173|0x000000008ad00000, 0x000000008ad00000, 0x000000008ae00000|  0%| F|  |TAMS 0x000000008ad00000, 0x000000008ad00000| Untracked 
| 174|0x000000008ae00000, 0x000000008ae00000, 0x000000008af00000|  0%| F|  |TAMS 0x000000008ae00000, 0x000000008ae00000| Untracked 
| 175|0x000000008af00000, 0x000000008af00000, 0x000000008b000000|  0%| F|  |TAMS 0x000000008af00000, 0x000000008af00000| Untracked 
| 176|0x000000008b000000, 0x000000008b000000, 0x000000008b100000|  0%| F|  |TAMS 0x000000008b000000, 0x000000008b000000| Untracked 
| 177|0x000000008b100000, 0x000000008b100000, 0x000000008b200000|  0%| F|  |TAMS 0x000000008b100000, 0x000000008b100000| Untracked 
| 178|0x000000008b200000, 0x000000008b200000, 0x000000008b300000|  0%| F|  |TAMS 0x000000008b200000, 0x000000008b200000| Untracked 
| 179|0x000000008b300000, 0x000000008b300000, 0x000000008b400000|  0%| F|  |TAMS 0x000000008b300000, 0x000000008b300000| Untracked 
| 180|0x000000008b400000, 0x000000008b400000, 0x000000008b500000|  0%| F|  |TAMS 0x000000008b400000, 0x000000008b400000| Untracked 
| 181|0x000000008b500000, 0x000000008b500000, 0x000000008b600000|  0%| F|  |TAMS 0x000000008b500000, 0x000000008b500000| Untracked 
| 182|0x000000008b600000, 0x000000008b600000, 0x000000008b700000|  0%| F|  |TAMS 0x000000008b600000, 0x000000008b600000| Untracked 
| 183|0x000000008b700000, 0x000000008b700000, 0x000000008b800000|  0%| F|  |TAMS 0x000000008b700000, 0x000000008b700000| Untracked 
| 184|0x000000008b800000, 0x000000008b800000, 0x000000008b900000|  0%| F|  |TAMS 0x000000008b800000, 0x000000008b800000| Untracked 
| 185|0x000000008b900000, 0x000000008b900000, 0x000000008ba00000|  0%| F|  |TAMS 0x000000008b900000, 0x000000008b900000| Untracked 
| 186|0x000000008ba00000, 0x000000008ba00000, 0x000000008bb00000|  0%| F|  |TAMS 0x000000008ba00000, 0x000000008ba00000| Untracked 
| 187|0x000000008bb00000, 0x000000008bb00000, 0x000000008bc00000|  0%| F|  |TAMS 0x000000008bb00000, 0x000000008bb00000| Untracked 
| 188|0x000000008bc00000, 0x000000008bc00000, 0x000000008bd00000|  0%| F|  |TAMS 0x000000008bc00000, 0x000000008bc00000| Untracked 
| 189|0x000000008bd00000, 0x000000008bd00000, 0x000000008be00000|  0%| F|  |TAMS 0x000000008bd00000, 0x000000008bd00000| Untracked 
| 190|0x000000008be00000, 0x000000008be00000, 0x000000008bf00000|  0%| F|  |TAMS 0x000000008be00000, 0x000000008be00000| Untracked 
| 191|0x000000008bf00000, 0x000000008bf00000, 0x000000008c000000|  0%| F|  |TAMS 0x000000008bf00000, 0x000000008bf00000| Untracked 
| 192|0x000000008c000000, 0x000000008c000000, 0x000000008c100000|  0%| F|  |TAMS 0x000000008c000000, 0x000000008c000000| Untracked 
| 193|0x000000008c100000, 0x000000008c100000, 0x000000008c200000|  0%| F|  |TAMS 0x000000008c100000, 0x000000008c100000| Untracked 
| 194|0x000000008c200000, 0x000000008c200000, 0x000000008c300000|  0%| F|  |TAMS 0x000000008c200000, 0x000000008c200000| Untracked 
| 195|0x000000008c300000, 0x000000008c300000, 0x000000008c400000|  0%| F|  |TAMS 0x000000008c300000, 0x000000008c300000| Untracked 
| 196|0x000000008c400000, 0x000000008c400000, 0x000000008c500000|  0%| F|  |TAMS 0x000000008c400000, 0x000000008c400000| Untracked 
| 197|0x000000008c500000, 0x000000008c500000, 0x000000008c600000|  0%| F|  |TAMS 0x000000008c500000, 0x000000008c500000| Untracked 
| 198|0x000000008c600000, 0x000000008c600000, 0x000000008c700000|  0%| F|  |TAMS 0x000000008c600000, 0x000000008c600000| Untracked 
| 199|0x000000008c700000, 0x000000008c700000, 0x000000008c800000|  0%| F|  |TAMS 0x000000008c700000, 0x000000008c700000| Untracked 
| 200|0x000000008c800000, 0x000000008c800000, 0x000000008c900000|  0%| F|  |TAMS 0x000000008c800000, 0x000000008c800000| Untracked 
| 201|0x000000008c900000, 0x000000008c900000, 0x000000008ca00000|  0%| F|  |TAMS 0x000000008c900000, 0x000000008c900000| Untracked 
| 202|0x000000008ca00000, 0x000000008ca00000, 0x000000008cb00000|  0%| F|  |TAMS 0x000000008ca00000, 0x000000008ca00000| Untracked 
| 203|0x000000008cb00000, 0x000000008cb00000, 0x000000008cc00000|  0%| F|  |TAMS 0x000000008cb00000, 0x000000008cb00000| Untracked 
| 204|0x000000008cc00000, 0x000000008cc00000, 0x000000008cd00000|  0%| F|  |TAMS 0x000000008cc00000, 0x000000008cc00000| Untracked 
| 205|0x000000008cd00000, 0x000000008cd00000, 0x000000008ce00000|  0%| F|  |TAMS 0x000000008cd00000, 0x000000008cd00000| Untracked 
| 206|0x000000008ce00000, 0x000000008ce00000, 0x000000008cf00000|  0%| F|  |TAMS 0x000000008ce00000, 0x000000008ce00000| Untracked 
| 207|0x000000008cf00000, 0x000000008cf00000, 0x000000008d000000|  0%| F|  |TAMS 0x000000008cf00000, 0x000000008cf00000| Untracked 
| 208|0x000000008d000000, 0x000000008d000000, 0x000000008d100000|  0%| F|  |TAMS 0x000000008d000000, 0x000000008d000000| Untracked 
| 209|0x000000008d100000, 0x000000008d100000, 0x000000008d200000|  0%| F|  |TAMS 0x000000008d100000, 0x000000008d100000| Untracked 
| 210|0x000000008d200000, 0x000000008d200000, 0x000000008d300000|  0%| F|  |TAMS 0x000000008d200000, 0x000000008d200000| Untracked 
| 211|0x000000008d300000, 0x000000008d300000, 0x000000008d400000|  0%| F|  |TAMS 0x000000008d300000, 0x000000008d300000| Untracked 
| 255|0x000000008ff00000, 0x000000008ff00000, 0x0000000090000000|  0%| F|  |TAMS 0x000000008ff00000, 0x000000008ff00000| Untracked 

Card table byte_map: [0x000002a2f54c0000,0x000002a2f58c0000] _byte_map_base: 0x000002a2f50c0000

Marking Bits (Prev, Next): (CMBitMap*) 0x000002a2e2c46a10, (CMBitMap*) 0x000002a2e2c46a50
 Prev Bits: [0x000002a2f5cc0000, 0x000002a2f7cc0000)
 Next Bits: [0x000002a2f7cc0000, 0x000002a2f9cc0000)

Polling page: 0x000002a2e0b20000

Metaspace:

Usage:
  Non-class:     45.11 MB used.
      Class:      6.91 MB used.
       Both:     52.02 MB used.

Virtual space:
  Non-class space:       48.00 MB reserved,      45.38 MB ( 95%) committed,  6 nodes.
      Class space:        1.00 GB reserved,       7.12 MB ( <1%) committed,  1 nodes.
             Both:        1.05 GB reserved,      52.50 MB (  5%) committed. 

Chunk freelists:
   Non-Class:  2.30 MB
       Class:  916.00 KB
        Both:  3.19 MB

MaxMetaspaceSize: unlimited
CompressedClassSpaceSize: 1.00 GB
Initial GC threshold: 21.00 MB
Current GC threshold: 87.19 MB
CDS: off
MetaspaceReclaimPolicy: balanced
 - commit_granule_bytes: 65536.
 - commit_granule_words: 8192.
 - virtual_space_node_default_size: 1048576.
 - enlarge_chunks_in_place: 1.
 - new_chunks_are_fully_committed: 0.
 - uncommit_free_chunks: 1.
 - use_allocation_guard: 0.
 - handle_deallocations: 1.


Internal statistics:

num_allocs_failed_limit: 3.
num_arena_births: 440.
num_arena_deaths: 4.
num_vsnodes_births: 7.
num_vsnodes_deaths: 0.
num_space_committed: 840.
num_space_uncommitted: 0.
num_chunks_returned_to_freelist: 8.
num_chunks_taken_from_freelist: 2092.
num_chunk_merges: 0.
num_chunk_splits: 1381.
num_chunks_enlarged: 996.
num_purges: 4.
num_inconsistent_stats: 0.

CodeHeap 'non-profiled nmethods': size=120000Kb used=3783Kb max_used=4327Kb free=116216Kb
 bounds [0x000002a2edb90000, 0x000002a2edfd0000, 0x000002a2f50c0000]
CodeHeap 'profiled nmethods': size=120000Kb used=8456Kb max_used=10917Kb free=111544Kb
 bounds [0x000002a2e60c0000, 0x000002a2e6b70000, 0x000002a2ed5f0000]
CodeHeap 'non-nmethods': size=5760Kb used=2337Kb max_used=2434Kb free=3422Kb
 bounds [0x000002a2ed5f0000, 0x000002a2ed880000, 0x000002a2edb90000]
 total_blobs=5648 nmethods=4813 adapters=745
 compilation: enabled
              stopped_count=0, restarted_count=0
 full_count=0

Compilation events (20 events):
Event: 11.514 Thread 0x000002a281c521a0 6050   !   4       java.util.zip.Deflater::deflate (413 bytes)
Event: 11.518 Thread 0x000002a281c521a0 nmethod 6050 0x000002a2edc86490 code [0x000002a2edc86640, 0x000002a2edc86db8]
Event: 11.519 Thread 0x000002a2fcc74b70 6051       3       org.objectweb.asm.commons.CodeSizeEvaluator::visitMethodInsn (99 bytes)
Event: 11.520 Thread 0x000002a2fcc74b70 nmethod 6051 0x000002a2e6105210 code [0x000002a2e61053c0, 0x000002a2e6105658]
Event: 11.524 Thread 0x000002a2fcc741c0 6052       4       java.lang.Math::floorDiv (31 bytes)
Event: 11.525 Thread 0x000002a2fcc741c0 nmethod 6052 0x000002a2edcc3510 code [0x000002a2edcc3680, 0x000002a2edcc3758]
Event: 11.528 Thread 0x000002a2fcc741c0 6053       4       org.gradle.internal.classpath.ClasspathWalker$ZipClasspathEntry::getPath (9 bytes)
Event: 11.528 Thread 0x000002a281c521a0 6054       4       org.gradle.internal.classpath.ClasspathWalker$ZipClasspathEntry::getCompressionMethod (56 bytes)
Event: 11.529 Thread 0x000002a281c521a0 nmethod 6054 0x000002a2edc85e90 code [0x000002a2edc86020, 0x000002a2edc86198]
Event: 11.529 Thread 0x000002a281c521a0 6055       4       org.gradle.internal.classpath.ClasspathWalker$ZipClasspathEntry::getContent (10 bytes)
Event: 11.531 Thread 0x000002a2fcc741c0 nmethod 6053 0x000002a2edd7d410 code [0x000002a2edd7d5c0, 0x000002a2edd7d988]
Event: 11.539 Thread 0x000002a281c521a0 nmethod 6055 0x000002a2eddf3810 code [0x000002a2eddf3a20, 0x000002a2eddf4540]
Event: 11.543 Thread 0x000002a2fcc74b70 6056       3       org.objectweb.asm.ClassWriter::visitOuterClass (37 bytes)
Event: 11.543 Thread 0x000002a2fcc74b70 nmethod 6056 0x000002a2e60c8f90 code [0x000002a2e60c9140, 0x000002a2e60c93d8]
Event: 11.544 Thread 0x000002a281c521a0 6057       4       org.gradle.internal.classpath.ClasspathBuilder$ZipEntryBuilder::put (54 bytes)
Event: 11.544 Thread 0x000002a2fcc741c0 6058       4       org.objectweb.asm.ClassWriter::<init> (73 bytes)
Event: 11.549 Thread 0x000002a2fcc741c0 nmethod 6058 0x000002a2edbf2a10 code [0x000002a2edbf2ba0, 0x000002a2edbf3278]
Event: 11.549 Thread 0x000002a2fcc741c0 6059       4       com.google.common.io.ByteStreams::readFully (61 bytes)
Event: 11.549 Thread 0x000002a2fcc741c0 nmethod 6059 0x000002a2eddd7490 code [0x000002a2eddd7620, 0x000002a2eddd76a8]
Event: 11.551 Thread 0x000002a2fcc741c0 6060       4       org.gradle.internal.classpath.ClasspathWalker$ZipClasspathEntry::getContent (10 bytes)

GC Heap History (20 events):
Event: 9.762 GC heap after
{Heap after GC invocations=45 (full 0):
 garbage-first heap   total 181248K, used 83041K [0x0000000080000000, 0x0000000100000000)
  region size 1024K, 6 young (6144K), 6 survivors (6144K)
 Metaspace       used 53255K, committed 53696K, reserved 1097728K
  class space    used 7079K, committed 7296K, reserved 1048576K
}
Event: 9.999 GC heap before
{Heap before GC invocations=45 (full 0):
 garbage-first heap   total 181248K, used 155745K [0x0000000080000000, 0x0000000100000000)
  region size 1024K, 77 young (78848K), 6 survivors (6144K)
 Metaspace       used 53258K, committed 53696K, reserved 1097728K
  class space    used 7080K, committed 7296K, reserved 1048576K
}
Event: 10.002 GC heap after
{Heap after GC invocations=46 (full 0):
 garbage-first heap   total 181248K, used 83455K [0x0000000080000000, 0x0000000100000000)
  region size 1024K, 6 young (6144K), 6 survivors (6144K)
 Metaspace       used 53258K, committed 53696K, reserved 1097728K
  class space    used 7080K, committed 7296K, reserved 1048576K
}
Event: 10.252 GC heap before
{Heap before GC invocations=46 (full 0):
 garbage-first heap   total 181248K, used 155135K [0x0000000080000000, 0x0000000100000000)
  region size 1024K, 76 young (77824K), 6 survivors (6144K)
 Metaspace       used 53258K, committed 53696K, reserved 1097728K
  class space    used 7080K, committed 7296K, reserved 1048576K
}
Event: 10.254 GC heap after
{Heap after GC invocations=47 (full 0):
 garbage-first heap   total 181248K, used 83726K [0x0000000080000000, 0x0000000100000000)
  region size 1024K, 6 young (6144K), 6 survivors (6144K)
 Metaspace       used 53258K, committed 53696K, reserved 1097728K
  class space    used 7080K, committed 7296K, reserved 1048576K
}
Event: 10.459 GC heap before
{Heap before GC invocations=47 (full 0):
 garbage-first heap   total 181248K, used 155406K [0x0000000080000000, 0x0000000100000000)
  region size 1024K, 76 young (77824K), 6 survivors (6144K)
 Metaspace       used 53260K, committed 53696K, reserved 1097728K
  class space    used 7080K, committed 7296K, reserved 1048576K
}
Event: 10.464 GC heap after
{Heap after GC invocations=48 (full 0):
 garbage-first heap   total 181248K, used 84212K [0x0000000080000000, 0x0000000100000000)
  region size 1024K, 6 young (6144K), 6 survivors (6144K)
 Metaspace       used 53260K, committed 53696K, reserved 1097728K
  class space    used 7080K, committed 7296K, reserved 1048576K
}
Event: 10.620 GC heap before
{Heap before GC invocations=48 (full 0):
 garbage-first heap   total 181248K, used 154868K [0x0000000080000000, 0x0000000100000000)
  region size 1024K, 75 young (76800K), 6 survivors (6144K)
 Metaspace       used 53262K, committed 53696K, reserved 1097728K
  class space    used 7080K, committed 7296K, reserved 1048576K
}
Event: 10.623 GC heap after
{Heap after GC invocations=49 (full 0):
 garbage-first heap   total 181248K, used 85179K [0x0000000080000000, 0x0000000100000000)
  region size 1024K, 6 young (6144K), 6 survivors (6144K)
 Metaspace       used 53262K, committed 53696K, reserved 1097728K
  class space    used 7080K, committed 7296K, reserved 1048576K
}
Event: 10.741 GC heap before
{Heap before GC invocations=49 (full 0):
 garbage-first heap   total 181248K, used 155835K [0x0000000080000000, 0x0000000100000000)
  region size 1024K, 75 young (76800K), 6 survivors (6144K)
 Metaspace       used 53262K, committed 53696K, reserved 1097728K
  class space    used 7080K, committed 7296K, reserved 1048576K
}
Event: 10.744 GC heap after
{Heap after GC invocations=50 (full 0):
 garbage-first heap   total 181248K, used 85740K [0x0000000080000000, 0x0000000100000000)
  region size 1024K, 6 young (6144K), 6 survivors (6144K)
 Metaspace       used 53262K, committed 53696K, reserved 1097728K
  class space    used 7080K, committed 7296K, reserved 1048576K
}
Event: 10.833 GC heap before
{Heap before GC invocations=50 (full 0):
 garbage-first heap   total 181248K, used 155372K [0x0000000080000000, 0x0000000100000000)
  region size 1024K, 74 young (75776K), 6 survivors (6144K)
 Metaspace       used 53263K, committed 53696K, reserved 1097728K
  class space    used 7080K, committed 7296K, reserved 1048576K
}
Event: 10.837 GC heap after
{Heap after GC invocations=51 (full 0):
 garbage-first heap   total 218112K, used 86314K [0x0000000080000000, 0x0000000100000000)
  region size 1024K, 6 young (6144K), 6 survivors (6144K)
 Metaspace       used 53263K, committed 53696K, reserved 1097728K
  class space    used 7080K, committed 7296K, reserved 1048576K
}
Event: 11.041 GC heap before
{Heap before GC invocations=51 (full 0):
 garbage-first heap   total 218112K, used 187690K [0x0000000080000000, 0x0000000100000000)
  region size 1024K, 105 young (107520K), 6 survivors (6144K)
 Metaspace       used 53263K, committed 53696K, reserved 1097728K
  class space    used 7080K, committed 7296K, reserved 1048576K
}
Event: 11.045 GC heap after
{Heap after GC invocations=52 (full 0):
 garbage-first heap   total 218112K, used 86990K [0x0000000080000000, 0x0000000100000000)
  region size 1024K, 6 young (6144K), 6 survivors (6144K)
 Metaspace       used 53263K, committed 53696K, reserved 1097728K
  class space    used 7080K, committed 7296K, reserved 1048576K
}
Event: 11.251 GC heap before
{Heap before GC invocations=52 (full 0):
 garbage-first heap   total 218112K, used 188366K [0x0000000080000000, 0x0000000100000000)
  region size 1024K, 105 young (107520K), 6 survivors (6144K)
 Metaspace       used 53263K, committed 53696K, reserved 1097728K
  class space    used 7080K, committed 7296K, reserved 1048576K
}
Event: 11.255 GC heap after
{Heap after GC invocations=53 (full 0):
 garbage-first heap   total 218112K, used 88309K [0x0000000080000000, 0x0000000100000000)
  region size 1024K, 8 young (8192K), 8 survivors (8192K)
 Metaspace       used 53263K, committed 53696K, reserved 1097728K
  class space    used 7080K, committed 7296K, reserved 1048576K
}
Event: 11.390 GC heap before
{Heap before GC invocations=53 (full 0):
 garbage-first heap   total 218112K, used 185589K [0x0000000080000000, 0x0000000100000000)
  region size 1024K, 103 young (105472K), 8 survivors (8192K)
 Metaspace       used 53263K, committed 53696K, reserved 1097728K
  class space    used 7080K, committed 7296K, reserved 1048576K
}
Event: 11.393 GC heap after
{Heap after GC invocations=54 (full 0):
 garbage-first heap   total 218112K, used 89319K [0x0000000080000000, 0x0000000100000000)
  region size 1024K, 8 young (8192K), 8 survivors (8192K)
 Metaspace       used 53263K, committed 53696K, reserved 1097728K
  class space    used 7080K, committed 7296K, reserved 1048576K
}
Event: 11.562 GC heap before
{Heap before GC invocations=54 (full 0):
 garbage-first heap   total 218112K, used 186599K [0x0000000080000000, 0x0000000100000000)
  region size 1024K, 103 young (105472K), 8 survivors (8192K)
 Metaspace       used 53273K, committed 53760K, reserved 1097728K
  class space    used 7080K, committed 7296K, reserved 1048576K
}

Dll operation events (3 events):
Event: 0.027 Loaded shared library C:\Program Files\Android1\jbr\bin\java.dll
Event: 0.151 Loaded shared library C:\Program Files\Android1\jbr\bin\zip.dll
Event: 0.370 Loaded shared library C:\Program Files\Android1\jbr\bin\verify.dll

Deoptimization events (20 events):
Event: 11.440 Thread 0x000002a2fe049750 Uncommon trap: trap_request=0xffffff45 fr.pc=0x000002a2edf0827c relative=0x000000000000049c
Event: 11.440 Thread 0x000002a2fe049750 Uncommon trap: reason=unstable_if action=reinterpret pc=0x000002a2edf0827c method=java.io.BufferedOutputStream.flushBuffer()V @ 4 c2
Event: 11.440 Thread 0x000002a2fe049750 DEOPT PACKING pc=0x000002a2edf0827c sp=0x000000bad13fe990
Event: 11.440 Thread 0x000002a2fe049750 DEOPT UNPACKING pc=0x000002a2ed6469a3 sp=0x000000bad13fe8e0 mode 2
Event: 11.539 Thread 0x000002a2fe049c20 Uncommon trap: trap_request=0xffffff66 fr.pc=0x000002a2eddf4094 relative=0x0000000000000674
Event: 11.539 Thread 0x000002a2fe049c20 Uncommon trap: reason=speculate_class_check action=maybe_recompile pc=0x000002a2eddf4094 method=org.gradle.api.internal.file.archive.impl.FileZipInput$FileZipEntry.withInputStream(Lorg/gradle/internal/io/IoFunction;)Ljava/lang/Object; @ 14 c2
Event: 11.539 Thread 0x000002a2fe049c20 DEOPT PACKING pc=0x000002a2eddf4094 sp=0x000000bad26fead0
Event: 11.539 Thread 0x000002a2fe049c20 DEOPT UNPACKING pc=0x000002a2ed6469a3 sp=0x000000bad26fe9d8 mode 2
Event: 11.539 Thread 0x000002a2fe049c20 Uncommon trap: trap_request=0xffffff66 fr.pc=0x000002a2eddf4094 relative=0x0000000000000674
Event: 11.539 Thread 0x000002a2fe049c20 Uncommon trap: reason=speculate_class_check action=maybe_recompile pc=0x000002a2eddf4094 method=org.gradle.api.internal.file.archive.impl.FileZipInput$FileZipEntry.withInputStream(Lorg/gradle/internal/io/IoFunction;)Ljava/lang/Object; @ 14 c2
Event: 11.539 Thread 0x000002a2fe049c20 DEOPT PACKING pc=0x000002a2eddf4094 sp=0x000000bad26fead0
Event: 11.539 Thread 0x000002a2fe049c20 DEOPT UNPACKING pc=0x000002a2ed6469a3 sp=0x000000bad26fe9d8 mode 2
Event: 11.539 Thread 0x000002a2fe049c20 Uncommon trap: trap_request=0xffffff66 fr.pc=0x000002a2eddf4094 relative=0x0000000000000674
Event: 11.539 Thread 0x000002a2fe049c20 Uncommon trap: reason=speculate_class_check action=maybe_recompile pc=0x000002a2eddf4094 method=org.gradle.api.internal.file.archive.impl.FileZipInput$FileZipEntry.withInputStream(Lorg/gradle/internal/io/IoFunction;)Ljava/lang/Object; @ 14 c2
Event: 11.539 Thread 0x000002a2fe049c20 DEOPT PACKING pc=0x000002a2eddf4094 sp=0x000000bad26fead0
Event: 11.539 Thread 0x000002a2fe049c20 DEOPT UNPACKING pc=0x000002a2ed6469a3 sp=0x000000bad26fe9d8 mode 2
Event: 11.540 Thread 0x000002a2fe049c20 Uncommon trap: trap_request=0xffffff66 fr.pc=0x000002a2eddf4094 relative=0x0000000000000674
Event: 11.540 Thread 0x000002a2fe049c20 Uncommon trap: reason=speculate_class_check action=maybe_recompile pc=0x000002a2eddf4094 method=org.gradle.api.internal.file.archive.impl.FileZipInput$FileZipEntry.withInputStream(Lorg/gradle/internal/io/IoFunction;)Ljava/lang/Object; @ 14 c2
Event: 11.540 Thread 0x000002a2fe049c20 DEOPT PACKING pc=0x000002a2eddf4094 sp=0x000000bad26fead0
Event: 11.540 Thread 0x000002a2fe049c20 DEOPT UNPACKING pc=0x000002a2ed6469a3 sp=0x000000bad26fe9d8 mode 2

Classes unloaded (5 events):
Event: 7.474 Thread 0x000002a2fc1a7f90 Unloading class 0x0000000100614558 '_BuildScript_$_run_closure1'
Event: 7.474 Thread 0x000002a2fc1a7f90 Unloading class 0x0000000100614000 '_BuildScript_'
Event: 8.174 Thread 0x000002a2fc1a7f90 Unloading class 0x00000001006a9968 '_BuildScript_$_run_closure1$_closure2'
Event: 8.174 Thread 0x000002a2fc1a7f90 Unloading class 0x00000001006a9558 '_BuildScript_$_run_closure1'
Event: 8.174 Thread 0x000002a2fc1a7f90 Unloading class 0x00000001006a9000 '_BuildScript_'

Classes redefined (0 events):
No events

Internal exceptions (20 events):
Event: 7.094 Thread 0x000002a2fe225670 Exception <a 'java/lang/ClassNotFoundException'{0x00000000861a87b8}: sync_studio_tooling5_d5m8ik0cl2wig8x2ao178plzsBeanInfo> (0x00000000861a87b8) 
thrown [s\src\hotspot\share\classfile\systemDictionary.cpp, line 256]
Event: 7.095 Thread 0x000002a2fe225670 Exception <a 'java/lang/ClassNotFoundException'{0x00000000861af148}: sync_studio_tooling5_d5m8ik0cl2wig8x2ao178plzsCustomizer> (0x00000000861af148) 
thrown [s\src\hotspot\share\classfile\systemDictionary.cpp, line 256]
Event: 7.099 Thread 0x000002a2fe225670 Exception <a 'java/lang/ClassNotFoundException'{0x00000000861fd528}: org/gradle/internal/metaobject/ConfigureDelegateBeanInfo> (0x00000000861fd528) 
thrown [s\src\hotspot\share\classfile\systemDictionary.cpp, line 256]
Event: 7.100 Thread 0x000002a2fe225670 Exception <a 'java/lang/ClassNotFoundException'{0x000000008600dd98}: org/gradle/internal/metaobject/ConfigureDelegateCustomizer> (0x000000008600dd98) 
thrown [s\src\hotspot\share\classfile\systemDictionary.cpp, line 256]
Event: 7.104 Thread 0x000002a2fe225670 Exception <a 'java/lang/ClassNotFoundException'{0x0000000086058228}: org/gradle/api/internal/initialization/DefaultScriptHandlerBeanInfo> (0x0000000086058228) 
thrown [s\src\hotspot\share\classfile\systemDictionary.cpp, line 256]
Event: 7.105 Thread 0x000002a2fe225670 Exception <a 'java/lang/ClassNotFoundException'{0x0000000086068900}: org/gradle/api/internal/initialization/DefaultScriptHandlerCustomizer> (0x0000000086068900) 
thrown [s\src\hotspot\share\classfile\systemDictionary.cpp, line 256]
Event: 7.220 Thread 0x000002a2fe225670 Exception <a 'java/lang/NoSuchMethodError'{0x0000000085a83958}: 'java.lang.Object java.lang.invoke.DirectMethodHandle$Holder.invokeSpecialIFC(java.lang.Object, java.lang.Object, java.lang.Object)'> (0x0000000085a83958) 
thrown [s\src\hotspot\share\interpreter\linkResolver.cpp, line 771]
Event: 7.241 Thread 0x000002a2fe225670 Implicit null exception at 0x000002a2edd7e66c to 0x000002a2edd7e720
Event: 7.249 Thread 0x000002a2fe225670 Exception <a 'java/lang/ClassNotFoundException'{0x00000000859c1698}: org/gradle/api/internal/artifacts/dsl/dependencies/DefaultDependencyHandler_DecoratedBeanInfo> (0x00000000859c1698) 
thrown [s\src\hotspot\share\classfile\systemDictionary.cpp, line 256]
Event: 7.250 Thread 0x000002a2fe225670 Exception <a 'java/lang/ClassNotFoundException'{0x00000000859d7420}: org/gradle/api/internal/artifacts/dsl/dependencies/DefaultDependencyHandlerBeanInfo> (0x00000000859d7420) 
thrown [s\src\hotspot\share\classfile\systemDictionary.cpp, line 256]
Event: 7.250 Thread 0x000002a2fe225670 Exception <a 'java/lang/ClassNotFoundException'{0x00000000859ecc18}: org/gradle/api/internal/artifacts/dsl/dependencies/DefaultDependencyHandlerCustomizer> (0x00000000859ecc18) 
thrown [s\src\hotspot\share\classfile\systemDictionary.cpp, line 256]
Event: 7.253 Thread 0x000002a2fe225670 Exception <a 'java/lang/ClassNotFoundException'{0x000000008582c128}: org/gradle/api/internal/artifacts/dsl/dependencies/DefaultDependencyHandler_DecoratedCustomizer> (0x000000008582c128) 
thrown [s\src\hotspot\share\classfile\systemDictionary.cpp, line 256]
Event: 7.288 Thread 0x000002a2fe225670 Exception <a 'java/lang/NoSuchMethodError'{0x000000008569ccd0}: 'java.lang.Object java.lang.invoke.DirectMethodHandle$Holder.newInvokeSpecial(java.lang.Object, int, java.lang.Object)'> (0x000000008569ccd0) 
thrown [s\src\hotspot\share\interpreter\linkResolver.cpp, line 771]
Event: 7.417 Thread 0x000002a2fe225670 Exception <a 'java/lang/NoSuchMethodError'{0x000000008727d558}: 'int java.lang.invoke.DirectMethodHandle$Holder.invokeStatic(java.lang.Object)'> (0x000000008727d558) 
thrown [s\src\hotspot\share\interpreter\linkResolver.cpp, line 771]
Event: 7.418 Thread 0x000002a2fe225670 Exception <a 'java/lang/NoSuchMethodError'{0x0000000087281f10}: 'int java.lang.invoke.DirectMethodHandle$Holder.invokeStaticInit(java.lang.Object)'> (0x0000000087281f10) 
thrown [s\src\hotspot\share\interpreter\linkResolver.cpp, line 771]
Event: 7.434 Thread 0x000002a2fe049750 Exception <a 'sun/nio/fs/WindowsException'{0x0000000087134610}> (0x0000000087134610) 
thrown [s\src\hotspot\share\prims\jni.cpp, line 517]
Event: 7.435 Thread 0x000002a2fe049c20 Exception <a 'sun/nio/fs/WindowsException'{0x0000000087124868}> (0x0000000087124868) 
thrown [s\src\hotspot\share\prims\jni.cpp, line 517]
Event: 8.682 Thread 0x000002a2fe049750 Implicit null exception at 0x000002a2edbfce20 to 0x000002a2edbfda70
Event: 11.467 Thread 0x000002a2fe049750 Exception <a 'sun/nio/fs/WindowsException'{0x00000000899934f0}> (0x00000000899934f0) 
thrown [s\src\hotspot\share\prims\jni.cpp, line 517]
Event: 11.468 Thread 0x000002a2fe049750 Exception <a 'sun/nio/fs/WindowsException'{0x0000000089993668}> (0x0000000089993668) 
thrown [s\src\hotspot\share\prims\jni.cpp, line 517]

VM Operations (20 events):
Event: 10.464 Executing VM operation: G1CollectForAllocation done
Event: 10.620 Executing VM operation: G1CollectForAllocation
Event: 10.623 Executing VM operation: G1CollectForAllocation done
Event: 10.741 Executing VM operation: G1CollectForAllocation
Event: 10.744 Executing VM operation: G1CollectForAllocation done
Event: 10.833 Executing VM operation: G1CollectForAllocation
Event: 10.838 Executing VM operation: G1CollectForAllocation done
Event: 11.041 Executing VM operation: G1CollectForAllocation
Event: 11.045 Executing VM operation: G1CollectForAllocation done
Event: 11.251 Executing VM operation: G1CollectForAllocation
Event: 11.256 Executing VM operation: G1CollectForAllocation done
Event: 11.390 Executing VM operation: G1CollectForAllocation
Event: 11.393 Executing VM operation: G1CollectForAllocation done
Event: 11.422 Executing VM operation: HandshakeAllThreads
Event: 11.422 Executing VM operation: HandshakeAllThreads done
Event: 11.479 Executing VM operation: HandshakeAllThreads
Event: 11.479 Executing VM operation: HandshakeAllThreads done
Event: 11.489 Executing VM operation: HandshakeAllThreads
Event: 11.490 Executing VM operation: HandshakeAllThreads done
Event: 11.562 Executing VM operation: G1CollectForAllocation

Events (20 events):
Event: 11.494 Thread 0x000002a2fccb2800 flushing nmethod 0x000002a2e68c6990
Event: 11.494 Thread 0x000002a2fccb2800 flushing nmethod 0x000002a2e68c6e10
Event: 11.494 Thread 0x000002a2fccb2800 flushing nmethod 0x000002a2e68ed710
Event: 11.494 Thread 0x000002a2fccb2800 flushing nmethod 0x000002a2e691be90
Event: 11.494 Thread 0x000002a2fccb2800 flushing nmethod 0x000002a2e6957b10
Event: 11.494 Thread 0x000002a2fccb2800 flushing nmethod 0x000002a2e695b510
Event: 11.494 Thread 0x000002a2fccb2800 flushing nmethod 0x000002a2e695c210
Event: 11.494 Thread 0x000002a2fccb2800 flushing nmethod 0x000002a2e6964090
Event: 11.494 Thread 0x000002a2fccb2800 flushing nmethod 0x000002a2e698b510
Event: 11.494 Thread 0x000002a2fccb2800 flushing nmethod 0x000002a2e698bd90
Event: 11.494 Thread 0x000002a2fccb2800 flushing nmethod 0x000002a2e6a4a790
Event: 11.494 Thread 0x000002a2fccb2800 flushing nmethod 0x000002a2e6a5dc90
Event: 11.494 Thread 0x000002a2fccb2800 flushing nmethod 0x000002a2e6a7ed90
Event: 11.494 Thread 0x000002a2fccb2800 flushing nmethod 0x000002a2e6a9c290
Event: 11.494 Thread 0x000002a2fccb2800 flushing nmethod 0x000002a2e6aa8e10
Event: 11.494 Thread 0x000002a2fccb2800 flushing nmethod 0x000002a2e6aad390
Event: 11.494 Thread 0x000002a2fccb2800 flushing nmethod 0x000002a2e6ab1b90
Event: 11.494 Thread 0x000002a2fccb2800 flushing nmethod 0x000002a2e6aec810
Event: 11.494 Thread 0x000002a2fccb2800 flushing nmethod 0x000002a2e6aeda10
Event: 11.494 Thread 0x000002a2fccb2800 flushing nmethod 0x000002a2e6b2a010


Dynamic libraries:
0x00007ff76ea70000 - 0x00007ff76ea7a000 	C:\Program Files\Android1\jbr\bin\java.exe
0x00007fff3e130000 - 0x00007fff3e328000 	C:\WINDOWS\SYSTEM32\ntdll.dll
0x00007fff3c190000 - 0x00007fff3c24f000 	C:\WINDOWS\System32\KERNEL32.DLL
0x00007fff3bd90000 - 0x00007fff3c086000 	C:\WINDOWS\System32\KERNELBASE.dll
0x00007fff3c090000 - 0x00007fff3c190000 	C:\WINDOWS\System32\ucrtbase.dll
0x00007fff30400000 - 0x00007fff30417000 	C:\Program Files\Android1\jbr\bin\jli.dll
0x00007fff3d810000 - 0x00007fff3d9ad000 	C:\WINDOWS\System32\USER32.dll
0x00007fff3b8b0000 - 0x00007fff3b8d2000 	C:\WINDOWS\System32\win32u.dll
0x00007fff3cea0000 - 0x00007fff3cecc000 	C:\WINDOWS\System32\GDI32.dll
0x00007fff3b960000 - 0x00007fff3ba75000 	C:\WINDOWS\System32\gdi32full.dll
0x00007fff3b810000 - 0x00007fff3b8ad000 	C:\WINDOWS\System32\msvcp_win.dll
0x00007fff36940000 - 0x00007fff3695b000 	C:\Program Files\Android1\jbr\bin\VCRUNTIME140.dll
0x00007fff23160000 - 0x00007fff233fa000 	C:\WINDOWS\WinSxS\amd64_microsoft.windows.common-controls_6595b64144ccf1df_6.0.19041.1110_none_60b5254171f9507e\COMCTL32.dll
0x00007fff3db00000 - 0x00007fff3db9e000 	C:\WINDOWS\System32\msvcrt.dll
0x00007fff3da20000 - 0x00007fff3da50000 	C:\WINDOWS\System32\IMM32.DLL
0x00007fff37310000 - 0x00007fff3731c000 	C:\Program Files\Android1\jbr\bin\vcruntime140_1.dll
0x00007fff0f1a0000 - 0x00007fff0f22d000 	C:\Program Files\Android1\jbr\bin\msvcp140.dll
0x00007ffee7ad0000 - 0x00007ffee873d000 	C:\Program Files\Android1\jbr\bin\server\jvm.dll
0x00007fff3df60000 - 0x00007fff3e00f000 	C:\WINDOWS\System32\ADVAPI32.dll
0x00007fff3ddf0000 - 0x00007fff3de8c000 	C:\WINDOWS\System32\sechost.dll
0x00007fff3dba0000 - 0x00007fff3dcc6000 	C:\WINDOWS\System32\RPCRT4.dll
0x00007fff37350000 - 0x00007fff37359000 	C:\WINDOWS\SYSTEM32\WSOCK32.dll
0x00007fff3d9b0000 - 0x00007fff3da1b000 	C:\WINDOWS\System32\WS2_32.dll
0x00007fff2f0b0000 - 0x00007fff2f0d7000 	C:\WINDOWS\SYSTEM32\WINMM.dll
0x00007fff37260000 - 0x00007fff3726a000 	C:\WINDOWS\SYSTEM32\VERSION.dll
0x00007fff396d0000 - 0x00007fff396e2000 	C:\WINDOWS\SYSTEM32\kernel.appcore.dll
0x00007fff370e0000 - 0x00007fff370ea000 	C:\Program Files\Android1\jbr\bin\jimage.dll
0x00007fff36500000 - 0x00007fff366e4000 	C:\WINDOWS\SYSTEM32\DBGHELP.DLL
0x00007fff36700000 - 0x00007fff36734000 	C:\WINDOWS\SYSTEM32\dbgcore.DLL
0x00007fff3ba80000 - 0x00007fff3bb02000 	C:\WINDOWS\System32\bcryptPrimitives.dll
0x00007fff360e0000 - 0x00007fff360ee000 	C:\Program Files\Android1\jbr\bin\instrument.dll
0x00007fff364b0000 - 0x00007fff364d5000 	C:\Program Files\Android1\jbr\bin\java.dll
0x00007fff36490000 - 0x00007fff364a8000 	C:\Program Files\Android1\jbr\bin\zip.dll
0x00007fff3c250000 - 0x00007fff3c994000 	C:\WINDOWS\System32\SHELL32.dll
0x00007fff398d0000 - 0x00007fff3a063000 	C:\WINDOWS\SYSTEM32\windows.storage.dll
0x00007fff3cb40000 - 0x00007fff3ce94000 	C:\WINDOWS\System32\combase.dll
0x00007fff3b250000 - 0x00007fff3b27e000 	C:\WINDOWS\SYSTEM32\Wldp.dll
0x00007fff3da50000 - 0x00007fff3dafd000 	C:\WINDOWS\System32\SHCORE.dll
0x00007fff3e070000 - 0x00007fff3e0c5000 	C:\WINDOWS\System32\shlwapi.dll
0x00007fff3b740000 - 0x00007fff3b765000 	C:\WINDOWS\SYSTEM32\profapi.dll
0x00007fff36470000 - 0x00007fff36489000 	C:\Program Files\Android1\jbr\bin\net.dll
0x00007fff35dc0000 - 0x00007fff35eca000 	C:\WINDOWS\SYSTEM32\WINHTTP.dll
0x00007fff3afb0000 - 0x00007fff3b01a000 	C:\WINDOWS\system32\mswsock.dll
0x00007fff36450000 - 0x00007fff36466000 	C:\Program Files\Android1\jbr\bin\nio.dll
0x00007fff362a0000 - 0x00007fff362b0000 	C:\Program Files\Android1\jbr\bin\verify.dll
0x00007fff143e0000 - 0x00007fff14407000 	D:\GitHub\workspace\native\68d5fa5c4cc2d200863cafc0d521ce42e7d3e7ee720ec0a83991735586a16f82\windows-amd64\native-platform.dll
0x00007ffee8ca0000 - 0x00007ffee8de4000 	D:\GitHub\workspace\native\e376f236ea51e6404a007f0833ffe2c6e607c4080706a723a18a27aeea778392\windows-amd64\native-platform-file-events.dll
0x00007fff362c0000 - 0x00007fff362c9000 	C:\Program Files\Android1\jbr\bin\management.dll
0x00007fff362b0000 - 0x00007fff362bb000 	C:\Program Files\Android1\jbr\bin\management_ext.dll
0x00007fff3dde0000 - 0x00007fff3dde8000 	C:\WINDOWS\System32\PSAPI.DLL
0x00007fff3b1a0000 - 0x00007fff3b1b8000 	C:\WINDOWS\SYSTEM32\CRYPTSP.dll
0x00007fff3a7f0000 - 0x00007fff3a824000 	C:\WINDOWS\system32\rsaenh.dll
0x00007fff3b930000 - 0x00007fff3b957000 	C:\WINDOWS\System32\bcrypt.dll
0x00007fff3b700000 - 0x00007fff3b72e000 	C:\WINDOWS\SYSTEM32\USERENV.dll
0x00007fff3b1c0000 - 0x00007fff3b1cc000 	C:\WINDOWS\SYSTEM32\CRYPTBASE.dll
0x00007fff3ac50000 - 0x00007fff3ac8b000 	C:\WINDOWS\SYSTEM32\IPHLPAPI.DLL
0x00007fff3d530000 - 0x00007fff3d538000 	C:\WINDOWS\System32\NSI.dll
0x00007fff36cf0000 - 0x00007fff36d07000 	C:\WINDOWS\SYSTEM32\dhcpcsvc6.DLL
0x00007fff36cb0000 - 0x00007fff36ccd000 	C:\WINDOWS\SYSTEM32\dhcpcsvc.DLL
0x00007fff3aca0000 - 0x00007fff3ad6a000 	C:\WINDOWS\SYSTEM32\DNSAPI.dll
0x00007fff2e180000 - 0x00007fff2e187000 	C:\WINDOWS\system32\wshunix.dll

dbghelp: loaded successfully - version: 4.0.5 - missing functions: none
symbol engine: initialized successfully - sym options: 0x614 - pdb path: .;C:\Program Files\Android1\jbr\bin;C:\WINDOWS\SYSTEM32;C:\WINDOWS\WinSxS\amd64_microsoft.windows.common-controls_6595b64144ccf1df_6.0.19041.1110_none_60b5254171f9507e;C:\Program Files\Android1\jbr\bin\server;D:\GitHub\workspace\native\68d5fa5c4cc2d200863cafc0d521ce42e7d3e7ee720ec0a83991735586a16f82\windows-amd64;D:\GitHub\workspace\native\e376f236ea51e6404a007f0833ffe2c6e607c4080706a723a18a27aeea778392\windows-amd64

VM Arguments:
jvm_args: --add-opens=java.base/java.util=ALL-UNNAMED --add-opens=java.base/java.lang=ALL-UNNAMED --add-opens=java.base/java.lang.invoke=ALL-UNNAMED --add-opens=java.prefs/java.util.prefs=ALL-UNNAMED --add-opens=java.base/java.nio.charset=ALL-UNNAMED --add-opens=java.base/java.net=ALL-UNNAMED --add-opens=java.base/java.util.concurrent.atomic=ALL-UNNAMED -Xmx2048m -Dfile.encoding=UTF-8 -Duser.country=KR -Duser.language=ko -Duser.variant -javaagent:D:\GitHub\workspace\wrapper\dists\gradle-8.1.1-bin\9wiye5v2saajue4irfo8ybqfp\gradle-8.1.1\lib\agents\gradle-instrumentation-agent-8.1.1.jar 
java_command: org.gradle.launcher.daemon.bootstrap.GradleDaemon 8.1.1
java_class_path (initial): D:\GitHub\workspace\wrapper\dists\gradle-8.1.1-bin\9wiye5v2saajue4irfo8ybqfp\gradle-8.1.1\lib\gradle-launcher-8.1.1.jar
Launcher Type: SUN_STANDARD

[Global flags]
     intx CICompilerCount                          = 3                                         {product} {ergonomic}
     uint ConcGCThreads                            = 1                                         {product} {ergonomic}
     uint G1ConcRefinementThreads                  = 4                                         {product} {ergonomic}
   size_t G1HeapRegionSize                         = 1048576                                   {product} {ergonomic}
    uintx GCDrainStackTargetSize                   = 64                                        {product} {ergonomic}
   size_t InitialHeapSize                          = 268435456                                 {product} {ergonomic}
   size_t MarkStackSize                            = 4194304                                   {product} {ergonomic}
   size_t MaxHeapSize                              = 2147483648                                {product} {command line}
   size_t MaxNewSize                               = 1287651328                                {product} {ergonomic}
   size_t MinHeapDeltaBytes                        = 1048576                                   {product} {ergonomic}
   size_t MinHeapSize                              = 8388608                                   {product} {ergonomic}
    uintx NonNMethodCodeHeapSize                   = 5832780                                {pd product} {ergonomic}
    uintx NonProfiledCodeHeapSize                  = 122912730                              {pd product} {ergonomic}
    uintx ProfiledCodeHeapSize                     = 122912730                              {pd product} {ergonomic}
    uintx ReservedCodeCacheSize                    = 251658240                              {pd product} {ergonomic}
     bool SegmentedCodeCache                       = true                                      {product} {ergonomic}
   size_t SoftMaxHeapSize                          = 2147483648                             {manageable} {ergonomic}
     bool UseCompressedClassPointers               = true                           {product lp64_product} {ergonomic}
     bool UseCompressedOops                        = true                           {product lp64_product} {ergonomic}
     bool UseG1GC                                  = true                                      {product} {ergonomic}
     bool UseLargePagesIndividualAllocation        = false                                  {pd product} {ergonomic}

Logging:
Log output configuration:
 #0: stdout all=warning uptime,level,tags
 #1: stderr all=off uptime,level,tags

Environment Variables:
JAVA_HOME=C:\Program Files\Java\jdk-17
PATH=C:\Program Files\Common Files\Oracle\Java\javapath;C:\WINDOWS\system32;C:\WINDOWS;C:\WINDOWS\System32\Wbem;C:\WINDOWS\System32\WindowsPowerShell\v1.0\;C:\WINDOWS\System32\OpenSSH\;C:\Program Files\Git\cmd;C:\Program Files\Android\Android Studio\jbr\bin\server\;C:\Program Files\Java\jdk-17\bin;C:\Program Files\Bandizip\;C:\Users\dhtmd\AppData\Local\Microsoft\WindowsApps;C:\Users\dhtmd\AppData\Local\Programs\Microsoft VS Code\bin;C:\Users\dhtmd\AppData\Local\GitHubDesktop\bin
USERNAME=user
OS=Windows_NT
PROCESSOR_IDENTIFIER=Intel64 Family 6 Model 158 Stepping 11, GenuineIntel
TMP=C:\Users\dhtmd\AppData\Local\Temp
TEMP=C:\Users\dhtmd\AppData\Local\Temp



---------------  S Y S T E M  ---------------

OS:
 Windows 10 , 64 bit Build 19041 (10.0.19041.3155)
OS uptime: 12 days 22:48 hours

CPU: total 4 (initial active 4) (4 cores per cpu, 1 threads per core) family 6 model 158 stepping 11 microcode 0xb4, cx8, cmov, fxsr, mmx, 3dnowpref, sse, sse2, sse3, ssse3, sse4.1, sse4.2, popcnt, lzcnt, tsc, tscinvbit, avx, avx2, aes, erms, clmul, bmi1, bmi2, adx, fma, vzeroupper, clflush, clflushopt

Memory: 4k page, system-wide physical 16302M (2571M free)
TotalPageFile size 16302M (AvailPageFile size 13M)
current process WorkingSet (physical memory assigned to process): 397M, peak: 406M
current process commit charge ("private bytes"): 425M, peak: 468M

vm_info: OpenJDK 64-Bit Server VM (17.0.6+0-b2043.56-9586694) for windows-amd64 JRE (17.0.6+0-b2043.56-9586694), built on Feb  9 2023 20:06:20 by "androidbuild" with MS VC++ 16.10 / 16.11 (VS2019)

END.
